[youtube:tab] Extracting URL: https://www.youtube.com/@jeffdelaney
[youtube:tab] @jeffdelaney: Downloading webpage
[youtube:tab] Downloading all uploads of the channel. To download only the videos in a specific tab, pass the tab's URL
[download] Downloading playlist: Jeff Delaney - Videos
[youtube:tab] Playlist Jeff Delaney - Videos: Downloading 2 items of 2
[download] Downloading item 1 of 2
[youtube] Extracting URL: https://www.youtube.com/watch?v=Guk29oT7c5M
[youtube] Guk29oT7c5M: Downloading webpage
[youtube] Guk29oT7c5M: Downloading tv simply player API JSON
[youtube] Guk29oT7c5M: Downloading tv client config
[youtube] Guk29oT7c5M: Downloading tv player API JSON
[info] Guk29oT7c5M: Downloading 1 format(s): 401+251
[download] Sleeping 5.00 seconds as required by the site...
[download] Destination: Why I Quit Caffeine (as a software developer) [Guk29oT7c5M].f401.mp4
[%d][%(info.playlist_index)s][%(info.id)s][%(info.title).50s]prog:[%(progress.downloaded_bytes)s/%(progress.total_bytes)s][%(progress._percent_str)s][%(progress.speed)s][%(progress.eta)s]
[%d][%(info.playlist_index)s][%(info.id)s][%(info.title).50s]prog:[%(progress.downloaded_bytes)s/%(progress.total_bytes)s][%(progress._percent_str)s][%(progress.speed)s][%(progress.eta)s]
[%d][%(info.playlist_index)s][%(info.id)s][%(info.title).50s]prog:[%(progress.downloaded_bytes)s/%(progress.total_bytes)s][%(progress._percent_str)s][%(progress.speed)s][%(progress.eta)s]
[%d][%(info.playlist_index)s][%(info.id)s][%(info.title).50s]prog:[%(progress.downloaded_bytes)s/%(progress.total_bytes)s][%(progress._percent_str)s][%(progress.speed)s][%(progress.eta)s]
[%d][%(info.playlist_index)s][%(info.id)s][%(info.title).50s]prog:[%(progress.downloaded_bytes)s/%(progress.total_bytes)s][%(progress._percent_str)s][%(progress.speed)s][%(progress.eta)s]
[%d][%(info.playlist_index)s][%(info.id)s][%(info.title).50s]prog:[%(progress.downloaded_bytes)s/%(progress.total_bytes)s][%(progress._percent_str)s][%(progress.speed)s][%(progress.eta)s]
[%d][%(info.playlist_index)s][%(info.id)s][%(info.title).50s]prog:[%(progress.downloaded_bytes)s/%(progress.total_bytes)s][%(progress._percent_str)s][%(progress.speed)s][%(progress.eta)s]
[%d][%(info.playlist_index)s][%(info.id)s][%(info.title).50s]prog:[%(progress.downloaded_bytes)s/%(progress.total_bytes)s][%(progress._percent_str)s][%(progress.speed)s][%(progress.eta)s]
[%d][%(info.playlist_index)s][%(info.id)s][%(info.title).50s]prog:[%(progress.downloaded_bytes)s/%(progress.total_bytes)s][%(progress._percent_str)s][%(progress.speed)s][%(progress.eta)s]
[%d][%(info.playlist_index)s][%(info.id)s][%(info.title).50s]prog:[%(progress.downloaded_bytes)s/%(progress.total_bytes)s][%(progress._percent_str)s][%(progress.speed)s][%(progress.eta)s]
[%d][%(info.playlist_index)s][%(info.id)s][%(info.title).50s]prog:[%(progress.downloaded_bytes)s/%(progress.total_bytes)s][%(progress._percent_str)s][%(progress.speed)s][%(progress.eta)s]
[%d][%(info.playlist_index)s][%(info.id)s][%(info.title).50s]prog:[%(progress.downloaded_bytes)s/%(progress.total_bytes)s][%(progress._percent_str)s][%(progress.speed)s][%(progress.eta)s]
[%d][%(info.playlist_index)s][%(info.id)s][%(info.title).50s]prog:[%(progress.downloaded_bytes)s/%(progress.total_bytes)s][%(progress._percent_str)s][%(progress.speed)s][%(progress.eta)s]
[%d][%(info.playlist_index)s][%(info.id)s][%(info.title).50s]prog:[%(progress.downloaded_bytes)s/%(progress.total_bytes)s][%(progress._percent_str)s][%(progress.speed)s][%(progress.eta)s]
[%d][%(info.playlist_index)s][%(info.id)s][%(info.title).50s]prog:[%(progress.downloaded_bytes)s/%(progress.total_bytes)s][%(progress._percent_str)s][%(progress.speed)s][%(progress.eta)s]
[%d][%(info.playlist_index)s][%(info.id)s][%(info.title).50s]prog:[%(progress.downloaded_bytes)s/%(progress.total_bytes)s][%(progress._percent_str)s][%(progress.speed)s][%(progress.eta)s]
[%d][%(info.playlist_index)s][%(info.id)s][%(info.title).50s]prog:[%(progress.downloaded_bytes)s/%(progress.total_bytes)s][%(progress._percent_str)s][%(progress.speed)s][%(progress.eta)s]
[%d][%(info.playlist_index)s][%(info.id)s][%(info.title).50s]prog:[%(progress.downloaded_bytes)s/%(progress.total_bytes)s][%(progress._percent_str)s][%(progress.speed)s][%(progress.eta)s]
[%d][%(info.playlist_index)s][%(info.id)s][%(info.title).50s]prog:[%(progress.downloaded_bytes)s/%(progress.total_bytes)s][%(progress._percent_str)s][%(progress.speed)s][%(progress.eta)s]
[%d][%(info.playlist_index)s][%(info.id)s][%(info.title).50s]prog:[%(progress.downloaded_bytes)s/%(progress.total_bytes)s][%(progress._percent_str)s][%(progress.speed)s][%(progress.eta)s]
[%d][%(info.playlist_index)s][%(info.id)s][%(info.title).50s]prog:[%(progress.downloaded_bytes)s/%(progress.total_bytes)s][%(progress._percent_str)s][%(progress.speed)s][%(progress.eta)s]
[%d][%(info.playlist_index)s][%(info.id)s][%(info.title).50s]prog:[%(progress.downloaded_bytes)s/%(progress.total_bytes)s][%(progress._percent_str)s][%(progress.speed)s][%(progress.eta)s]
[%d][%(info.playlist_index)s][%(info.id)s][%(info.title).50s]prog:[%(progress.downloaded_bytes)s/%(progress.total_bytes)s][%(progress._percent_str)s][%(progress.speed)s][%(progress.eta)s]
[%d][%(info.playlist_index)s][%(info.id)s][%(info.title).50s]prog:[%(progress.downloaded_bytes)s/%(progress.total_bytes)s][%(progress._percent_str)s][%(progress.speed)s][%(progress.eta)s]
[%d][%(info.playlist_index)s][%(info.id)s][%(info.title).50s]prog:[%(progress.downloaded_bytes)s/%(progress.total_bytes)s][%(progress._percent_str)s][%(progress.speed)s][%(progress.eta)s]
[%d][%(info.playlist_index)s][%(info.id)s][%(info.title).50s]prog:[%(progress.downloaded_bytes)s/%(progress.total_bytes)s][%(progress._percent_str)s][%(progress.speed)s][%(progress.eta)s]
[%d][%(info.playlist_index)s][%(info.id)s][%(info.title).50s]prog:[%(progress.downloaded_bytes)s/%(progress.total_bytes)s][%(progress._percent_str)s][%(progress.speed)s][%(progress.eta)s]
[%d][%(info.playlist_index)s][%(info.id)s][%(info.title).50s]prog:[%(progress.downloaded_bytes)s/%(progress.total_bytes)s][%(progress._percent_str)s][%(progress.speed)s][%(progress.eta)s]
[%d][%(info.playlist_index)s][%(info.id)s][%(info.title).50s]prog:[%(progress.downloaded_bytes)s/%(progress.total_bytes)s][%(progress._percent_str)s][%(progress.speed)s][%(progress.eta)s]
[%d][%(info.playlist_index)s][%(info.id)s][%(info.title).50s]prog:[%(progress.downloaded_bytes)s/%(progress.total_bytes)s][%(progress._percent_str)s][%(progress.speed)s][%(progress.eta)s]
[%d][%(info.playlist_index)s][%(info.id)s][%(info.title).50s]prog:[%(progress.downloaded_bytes)s/%(progress.total_bytes)s][%(progress._percent_str)s][%(progress.speed)s][%(progress.eta)s]
[%d][%(info.playlist_index)s][%(info.id)s][%(info.title).50s]prog:[%(progress.downloaded_bytes)s/%(progress.total_bytes)s][%(progress._percent_str)s][%(progress.speed)s][%(progress.eta)s]
[%d][%(info.playlist_index)s][%(info.id)s][%(info.title).50s]prog:[%(progress.downloaded_bytes)s/%(progress.total_bytes)s][%(progress._percent_str)s][%(progress.speed)s][%(progress.eta)s]
[%d][%(info.playlist_index)s][%(info.id)s][%(info.title).50s]prog:[%(progress.downloaded_bytes)s/%(progress.total_bytes)s][%(progress._percent_str)s][%(progress.speed)s][%(progress.eta)s]
[%d][%(info.playlist_index)s][%(info.id)s][%(info.title).50s]prog:[%(progress.downloaded_bytes)s/%(progress.total_bytes)s][%(progress._percent_str)s][%(progress.speed)s][%(progress.eta)s]
[%d][%(info.playlist_index)s][%(info.id)s][%(info.title).50s]prog:[%(progress.downloaded_bytes)s/%(progress.total_bytes)s][%(progress._percent_str)s][%(progress.speed)s][%(progress.eta)s]
[%d][%(info.playlist_index)s][%(info.id)s][%(info.title).50s]prog:[%(progress.downloaded_bytes)s/%(progress.total_bytes)s][%(progress._percent_str)s][%(progress.speed)s][%(progress.eta)s]
[%d][%(info.playlist_index)s][%(info.id)s][%(info.title).50s]prog:[%(progress.downloaded_bytes)s/%(progress.total_bytes)s][%(progress._percent_str)s][%(progress.speed)s][%(progress.eta)s]
[%d][%(info.playlist_index)s][%(info.id)s][%(info.title).50s]prog:[%(progress.downloaded_bytes)s/%(progress.total_bytes)s][%(progress._percent_str)s][%(progress.speed)s][%(progress.eta)s]
[%d][%(info.playlist_index)s][%(info.id)s][%(info.title).50s]prog:[%(progress.downloaded_bytes)s/%(progress.total_bytes)s][%(progress._percent_str)s][%(progress.speed)s][%(progress.eta)s]
[%d][%(info.playlist_index)s][%(info.id)s][%(info.title).50s]prog:[%(progress.downloaded_bytes)s/%(progress.total_bytes)s][%(progress._percent_str)s][%(progress.speed)s][%(progress.eta)s]
[%d][%(info.playlist_index)s][%(info.id)s][%(info.title).50s]prog:[%(progress.downloaded_bytes)s/%(progress.total_bytes)s][%(progress._percent_str)s][%(progress.speed)s][%(progress.eta)s]
[download] Destination: Why I Quit Caffeine (as a software developer) [Guk29oT7c5M].f251.webm
[%d][%(info.playlist_index)s][%(info.id)s][%(info.title).50s]prog:[%(progress.downloaded_bytes)s/%(progress.total_bytes)s][%(progress._percent_str)s][%(progress.speed)s][%(progress.eta)s]
[%d][%(info.playlist_index)s][%(info.id)s][%(info.title).50s]prog:[%(progress.downloaded_bytes)s/%(progress.total_bytes)s][%(progress._percent_str)s][%(progress.speed)s][%(progress.eta)s]
[%d][%(info.playlist_index)s][%(info.id)s][%(info.title).50s]prog:[%(progress.downloaded_bytes)s/%(progress.total_bytes)s][%(progress._percent_str)s][%(progress.speed)s][%(progress.eta)s]
[%d][%(info.playlist_index)s][%(info.id)s][%(info.title).50s]prog:[%(progress.downloaded_bytes)s/%(progress.total_bytes)s][%(progress._percent_str)s][%(progress.speed)s][%(progress.eta)s]
[%d][%(info.playlist_index)s][%(info.id)s][%(info.title).50s]prog:[%(progress.downloaded_bytes)s/%(progress.total_bytes)s][%(progress._percent_str)s][%(progress.speed)s][%(progress.eta)s]
[%d][%(info.playlist_index)s][%(info.id)s][%(info.title).50s]prog:[%(progress.downloaded_bytes)s/%(progress.total_bytes)s][%(progress._percent_str)s][%(progress.speed)s][%(progress.eta)s]
[%d][%(info.playlist_index)s][%(info.id)s][%(info.title).50s]prog:[%(progress.downloaded_bytes)s/%(progress.total_bytes)s][%(progress._percent_str)s][%(progress.speed)s][%(progress.eta)s]
[%d][%(info.playlist_index)s][%(info.id)s][%(info.title).50s]prog:[%(progress.downloaded_bytes)s/%(progress.total_bytes)s][%(progress._percent_str)s][%(progress.speed)s][%(progress.eta)s]
[%d][%(info.playlist_index)s][%(info.id)s][%(info.title).50s]prog:[%(progress.downloaded_bytes)s/%(progress.total_bytes)s][%(progress._percent_str)s][%(progress.speed)s][%(progress.eta)s]
[%d][%(info.playlist_index)s][%(info.id)s][%(info.title).50s]prog:[%(progress.downloaded_bytes)s/%(progress.total_bytes)s][%(progress._percent_str)s][%(progress.speed)s][%(progress.eta)s]
[%d][%(info.playlist_index)s][%(info.id)s][%(info.title).50s]prog:[%(progress.downloaded_bytes)s/%(progress.total_bytes)s][%(progress._percent_str)s][%(progress.speed)s][%(progress.eta)s]
[%d][%(info.playlist_index)s][%(info.id)s][%(info.title).50s]prog:[%(progress.downloaded_bytes)s/%(progress.total_bytes)s][%(progress._percent_str)s][%(progress.speed)s][%(progress.eta)s]
[%d][%(info.playlist_index)s][%(info.id)s][%(info.title).50s]prog:[%(progress.downloaded_bytes)s/%(progress.total_bytes)s][%(progress._percent_str)s][%(progress.speed)s][%(progress.eta)s]
[%d][%(info.playlist_index)s][%(info.id)s][%(info.title).50s]prog:[%(progress.downloaded_bytes)s/%(progress.total_bytes)s][%(progress._percent_str)s][%(progress.speed)s][%(progress.eta)s]
[Merger] Merging formats into "Why I Quit Caffeine (as a software developer) [Guk29oT7c5M].webm"
Deleting original file Why I Quit Caffeine (as a software developer) [Guk29oT7c5M].f251.webm (pass -k to keep)
Deleting original file Why I Quit Caffeine (as a software developer) [Guk29oT7c5M].f401.mp4 (pass -k to keep)
[download] Downloading item 2 of 2
[youtube] Extracting URL: https://www.youtube.com/watch?v=N6-Q2dgodLs
[youtube] N6-Q2dgodLs: Downloading webpage
[youtube] N6-Q2dgodLs: Downloading tv simply player API JSON
[youtube] N6-Q2dgodLs: Downloading tv client config
[youtube] N6-Q2dgodLs: Downloading tv player API JSON
[info] N6-Q2dgodLs: Downloading 1 format(s): 401+251
[download] Sleeping 5.00 seconds as required by the site...
[download] Destination: How I Make Videos for Programmers (on Fireship.io) [N6-Q2dgodLs].f401.mp4
[%d][%(info.playlist_index)s][%(info.id)s][%(info.title).50s]prog:[%(progress.downloaded_bytes)s/%(progress.total_bytes)s][%(progress._percent_str)s][%(progress.speed)s][%(progress.eta)s]
[%d][%(info.playlist_index)s][%(info.id)s][%(info.title).50s]prog:[%(progress.downloaded_bytes)s/%(progress.total_bytes)s][%(progress._percent_str)s][%(progress.speed)s][%(progress.eta)s]
[%d][%(info.playlist_index)s][%(info.id)s][%(info.title).50s]prog:[%(progress.downloaded_bytes)s/%(progress.total_bytes)s][%(progress._percent_str)s][%(progress.speed)s][%(progress.eta)s]
[%d][%(info.playlist_index)s][%(info.id)s][%(info.title).50s]prog:[%(progress.downloaded_bytes)s/%(progress.total_bytes)s][%(progress._percent_str)s][%(progress.speed)s][%(progress.eta)s]
[%d][%(info.playlist_index)s][%(info.id)s][%(info.title).50s]prog:[%(progress.downloaded_bytes)s/%(progress.total_bytes)s][%(progress._percent_str)s][%(progress.speed)s][%(progress.eta)s]
[%d][%(info.playlist_index)s][%(info.id)s][%(info.title).50s]prog:[%(progress.downloaded_bytes)s/%(progress.total_bytes)s][%(progress._percent_str)s][%(progress.speed)s][%(progress.eta)s]
[%d][%(info.playlist_index)s][%(info.id)s][%(info.title).50s]prog:[%(progress.downloaded_bytes)s/%(progress.total_bytes)s][%(progress._percent_str)s][%(progress.speed)s][%(progress.eta)s]
[%d][%(info.playlist_index)s][%(info.id)s][%(info.title).50s]prog:[%(progress.downloaded_bytes)s/%(progress.total_bytes)s][%(progress._percent_str)s][%(progress.speed)s][%(progress.eta)s]
[%d][%(info.playlist_index)s][%(info.id)s][%(info.title).50s]prog:[%(progress.downloaded_bytes)s/%(progress.total_bytes)s][%(progress._percent_str)s][%(progress.speed)s][%(progress.eta)s]
[%d][%(info.playlist_index)s][%(info.id)s][%(info.title).50s]prog:[%(progress.downloaded_bytes)s/%(progress.total_bytes)s][%(progress._percent_str)s][%(progress.speed)s][%(progress.eta)s]
[%d][%(info.playlist_index)s][%(info.id)s][%(info.title).50s]prog:[%(progress.downloaded_bytes)s/%(progress.total_bytes)s][%(progress._percent_str)s][%(progress.speed)s][%(progress.eta)s]
[%d][%(info.playlist_index)s][%(info.id)s][%(info.title).50s]prog:[%(progress.downloaded_bytes)s/%(progress.total_bytes)s][%(progress._percent_str)s][%(progress.speed)s][%(progress.eta)s]
[%d][%(info.playlist_index)s][%(info.id)s][%(info.title).50s]prog:[%(progress.downloaded_bytes)s/%(progress.total_bytes)s][%(progress._percent_str)s][%(progress.speed)s][%(progress.eta)s]
[%d][%(info.playlist_index)s][%(info.id)s][%(info.title).50s]prog:[%(progress.downloaded_bytes)s/%(progress.total_bytes)s][%(progress._percent_str)s][%(progress.speed)s][%(progress.eta)s]
[%d][%(info.playlist_index)s][%(info.id)s][%(info.title).50s]prog:[%(progress.downloaded_bytes)s/%(progress.total_bytes)s][%(progress._percent_str)s][%(progress.speed)s][%(progress.eta)s]
[%d][%(info.playlist_index)s][%(info.id)s][%(info.title).50s]prog:[%(progress.downloaded_bytes)s/%(progress.total_bytes)s][%(progress._percent_str)s][%(progress.speed)s][%(progress.eta)s]
[%d][%(info.playlist_index)s][%(info.id)s][%(info.title).50s]prog:[%(progress.downloaded_bytes)s/%(progress.total_bytes)s][%(progress._percent_str)s][%(progress.speed)s][%(progress.eta)s]
[%d][%(info.playlist_index)s][%(info.id)s][%(info.title).50s]prog:[%(progress.downloaded_bytes)s/%(progress.total_bytes)s][%(progress._percent_str)s][%(progress.speed)s][%(progress.eta)s]
[%d][%(info.playlist_index)s][%(info.id)s][%(info.title).50s]prog:[%(progress.downloaded_bytes)s/%(progress.total_bytes)s][%(progress._percent_str)s][%(progress.speed)s][%(progress.eta)s]
[%d][%(info.playlist_index)s][%(info.id)s][%(info.title).50s]prog:[%(progress.downloaded_bytes)s/%(progress.total_bytes)s][%(progress._percent_str)s][%(progress.speed)s][%(progress.eta)s]
[%d][%(info.playlist_index)s][%(info.id)s][%(info.title).50s]prog:[%(progress.downloaded_bytes)s/%(progress.total_bytes)s][%(progress._percent_str)s][%(progress.speed)s][%(progress.eta)s]
[%d][%(info.playlist_index)s][%(info.id)s][%(info.title).50s]prog:[%(progress.downloaded_bytes)s/%(progress.total_bytes)s][%(progress._percent_str)s][%(progress.speed)s][%(progress.eta)s]
[%d][%(info.playlist_index)s][%(info.id)s][%(info.title).50s]prog:[%(progress.downloaded_bytes)s/%(progress.total_bytes)s][%(progress._percent_str)s][%(progress.speed)s][%(progress.eta)s]
[%d][%(info.playlist_index)s][%(info.id)s][%(info.title).50s]prog:[%(progress.downloaded_bytes)s/%(progress.total_bytes)s][%(progress._percent_str)s][%(progress.speed)s][%(progress.eta)s]
[%d][%(info.playlist_index)s][%(info.id)s][%(info.title).50s]prog:[%(progress.downloaded_bytes)s/%(progress.total_bytes)s][%(progress._percent_str)s][%(progress.speed)s][%(progress.eta)s]
[%d][%(info.playlist_index)s][%(info.id)s][%(info.title).50s]prog:[%(progress.downloaded_bytes)s/%(progress.total_bytes)s][%(progress._percent_str)s][%(progress.speed)s][%(progress.eta)s]
[%d][%(info.playlist_index)s][%(info.id)s][%(info.title).50s]prog:[%(progress.downloaded_bytes)s/%(progress.total_bytes)s][%(progress._percent_str)s][%(progress.speed)s][%(progress.eta)s]
[%d][%(info.playlist_index)s][%(info.id)s][%(info.title).50s]prog:[%(progress.downloaded_bytes)s/%(progress.total_bytes)s][%(progress._percent_str)s][%(progress.speed)s][%(progress.eta)s]
[%d][%(info.playlist_index)s][%(info.id)s][%(info.title).50s]prog:[%(progress.downloaded_bytes)s/%(progress.total_bytes)s][%(progress._percent_str)s][%(progress.speed)s][%(progress.eta)s]
[%d][%(info.playlist_index)s][%(info.id)s][%(info.title).50s]prog:[%(progress.downloaded_bytes)s/%(progress.total_bytes)s][%(progress._percent_str)s][%(progress.speed)s][%(progress.eta)s]
[%d][%(info.playlist_index)s][%(info.id)s][%(info.title).50s]prog:[%(progress.downloaded_bytes)s/%(progress.total_bytes)s][%(progress._percent_str)s][%(progress.speed)s][%(progress.eta)s]
[%d][%(info.playlist_index)s][%(info.id)s][%(info.title).50s]prog:[%(progress.downloaded_bytes)s/%(progress.total_bytes)s][%(progress._percent_str)s][%(progress.speed)s][%(progress.eta)s]
[%d][%(info.playlist_index)s][%(info.id)s][%(info.title).50s]prog:[%(progress.downloaded_bytes)s/%(progress.total_bytes)s][%(progress._percent_str)s][%(progress.speed)s][%(progress.eta)s]
[%d][%(info.playlist_index)s][%(info.id)s][%(info.title).50s]prog:[%(progress.downloaded_bytes)s/%(progress.total_bytes)s][%(progress._percent_str)s][%(progress.speed)s][%(progress.eta)s]
[%d][%(info.playlist_index)s][%(info.id)s][%(info.title).50s]prog:[%(progress.downloaded_bytes)s/%(progress.total_bytes)s][%(progress._percent_str)s][%(progress.speed)s][%(progress.eta)s]
[%d][%(info.playlist_index)s][%(info.id)s][%(info.title).50s]prog:[%(progress.downloaded_bytes)s/%(progress.total_bytes)s][%(progress._percent_str)s][%(progress.speed)s][%(progress.eta)s]
[%d][%(info.playlist_index)s][%(info.id)s][%(info.title).50s]prog:[%(progress.downloaded_bytes)s/%(progress.total_bytes)s][%(progress._percent_str)s][%(progress.speed)s][%(progress.eta)s]
[%d][%(info.playlist_index)s][%(info.id)s][%(info.title).50s]prog:[%(progress.downloaded_bytes)s/%(progress.total_bytes)s][%(progress._percent_str)s][%(progress.speed)s][%(progress.eta)s]
[%d][%(info.playlist_index)s][%(info.id)s][%(info.title).50s]prog:[%(progress.downloaded_bytes)s/%(progress.total_bytes)s][%(progress._percent_str)s][%(progress.speed)s][%(progress.eta)s]
[%d][%(info.playlist_index)s][%(info.id)s][%(info.title).50s]prog:[%(progress.downloaded_bytes)s/%(progress.total_bytes)s][%(progress._percent_str)s][%(progress.speed)s][%(progress.eta)s]
[%d][%(info.playlist_index)s][%(info.id)s][%(info.title).50s]prog:[%(progress.downloaded_bytes)s/%(progress.total_bytes)s][%(progress._percent_str)s][%(progress.speed)s][%(progress.eta)s]
[%d][%(info.playlist_index)s][%(info.id)s][%(info.title).50s]prog:[%(progress.downloaded_bytes)s/%(progress.total_bytes)s][%(progress._percent_str)s][%(progress.speed)s][%(progress.eta)s]
[%d][%(info.playlist_index)s][%(info.id)s][%(info.title).50s]prog:[%(progress.downloaded_bytes)s/%(progress.total_bytes)s][%(progress._percent_str)s][%(progress.speed)s][%(progress.eta)s]
[%d][%(info.playlist_index)s][%(info.id)s][%(info.title).50s]prog:[%(progress.downloaded_bytes)s/%(progress.total_bytes)s][%(progress._percent_str)s][%(progress.speed)s][%(progress.eta)s]
[%d][%(info.playlist_index)s][%(info.id)s][%(info.title).50s]prog:[%(progress.downloaded_bytes)s/%(progress.total_bytes)s][%(progress._percent_str)s][%(progress.speed)s][%(progress.eta)s]
[%d][%(info.playlist_index)s][%(info.id)s][%(info.title).50s]prog:[%(progress.downloaded_bytes)s/%(progress.total_bytes)s][%(progress._percent_str)s][%(progress.speed)s][%(progress.eta)s]
[%d][%(info.playlist_index)s][%(info.id)s][%(info.title).50s]prog:[%(progress.downloaded_bytes)s/%(progress.total_bytes)s][%(progress._percent_str)s][%(progress.speed)s][%(progress.eta)s]
[%d][%(info.playlist_index)s][%(info.id)s][%(info.title).50s]prog:[%(progress.downloaded_bytes)s/%(progress.total_bytes)s][%(progress._percent_str)s][%(progress.speed)s][%(progress.eta)s]
[%d][%(info.playlist_index)s][%(info.id)s][%(info.title).50s]prog:[%(progress.downloaded_bytes)s/%(progress.total_bytes)s][%(progress._percent_str)s][%(progress.speed)s][%(progress.eta)s]
[%d][%(info.playlist_index)s][%(info.id)s][%(info.title).50s]prog:[%(progress.downloaded_bytes)s/%(progress.total_bytes)s][%(progress._percent_str)s][%(progress.speed)s][%(progress.eta)s]
[%d][%(info.playlist_index)s][%(info.id)s][%(info.title).50s]prog:[%(progress.downloaded_bytes)s/%(progress.total_bytes)s][%(progress._percent_str)s][%(progress.speed)s][%(progress.eta)s]
[%d][%(info.playlist_index)s][%(info.id)s][%(info.title).50s]prog:[%(progress.downloaded_bytes)s/%(progress.total_bytes)s][%(progress._percent_str)s][%(progress.speed)s][%(progress.eta)s]
[%d][%(info.playlist_index)s][%(info.id)s][%(info.title).50s]prog:[%(progress.downloaded_bytes)s/%(progress.total_bytes)s][%(progress._percent_str)s][%(progress.speed)s][%(progress.eta)s]
[%d][%(info.playlist_index)s][%(info.id)s][%(info.title).50s]prog:[%(progress.downloaded_bytes)s/%(progress.total_bytes)s][%(progress._percent_str)s][%(progress.speed)s][%(progress.eta)s]
[%d][%(info.playlist_index)s][%(info.id)s][%(info.title).50s]prog:[%(progress.downloaded_bytes)s/%(progress.total_bytes)s][%(progress._percent_str)s][%(progress.speed)s][%(progress.eta)s]
[%d][%(info.playlist_index)s][%(info.id)s][%(info.title).50s]prog:[%(progress.downloaded_bytes)s/%(progress.total_bytes)s][%(progress._percent_str)s][%(progress.speed)s][%(progress.eta)s]
[%d][%(info.playlist_index)s][%(info.id)s][%(info.title).50s]prog:[%(progress.downloaded_bytes)s/%(progress.total_bytes)s][%(progress._percent_str)s][%(progress.speed)s][%(progress.eta)s]
[%d][%(info.playlist_index)s][%(info.id)s][%(info.title).50s]prog:[%(progress.downloaded_bytes)s/%(progress.total_bytes)s][%(progress._percent_str)s][%(progress.speed)s][%(progress.eta)s]
[%d][%(info.playlist_index)s][%(info.id)s][%(info.title).50s]prog:[%(progress.downloaded_bytes)s/%(progress.total_bytes)s][%(progress._percent_str)s][%(progress.speed)s][%(progress.eta)s]
[%d][%(info.playlist_index)s][%(info.id)s][%(info.title).50s]prog:[%(progress.downloaded_bytes)s/%(progress.total_bytes)s][%(progress._percent_str)s][%(progress.speed)s][%(progress.eta)s]
[%d][%(info.playlist_index)s][%(info.id)s][%(info.title).50s]prog:[%(progress.downloaded_bytes)s/%(progress.total_bytes)s][%(progress._percent_str)s][%(progress.speed)s][%(progress.eta)s]
[%d][%(info.playlist_index)s][%(info.id)s][%(info.title).50s]prog:[%(progress.downloaded_bytes)s/%(progress.total_bytes)s][%(progress._percent_str)s][%(progress.speed)s][%(progress.eta)s]
[%d][%(info.playlist_index)s][%(info.id)s][%(info.title).50s]prog:[%(progress.downloaded_bytes)s/%(progress.total_bytes)s][%(progress._percent_str)s][%(progress.speed)s][%(progress.eta)s]
[%d][%(info.playlist_index)s][%(info.id)s][%(info.title).50s]prog:[%(progress.downloaded_bytes)s/%(progress.total_bytes)s][%(progress._percent_str)s][%(progress.speed)s][%(progress.eta)s]
[%d][%(info.playlist_index)s][%(info.id)s][%(info.title).50s]prog:[%(progress.downloaded_bytes)s/%(progress.total_bytes)s][%(progress._percent_str)s][%(progress.speed)s][%(progress.eta)s]
[%d][%(info.playlist_index)s][%(info.id)s][%(info.title).50s]prog:[%(progress.downloaded_bytes)s/%(progress.total_bytes)s][%(progress._percent_str)s][%(progress.speed)s][%(progress.eta)s]
[%d][%(info.playlist_index)s][%(info.id)s][%(info.title).50s]prog:[%(progress.downloaded_bytes)s/%(progress.total_bytes)s][%(progress._percent_str)s][%(progress.speed)s][%(progress.eta)s]
[%d][%(info.playlist_index)s][%(info.id)s][%(info.title).50s]prog:[%(progress.downloaded_bytes)s/%(progress.total_bytes)s][%(progress._percent_str)s][%(progress.speed)s][%(progress.eta)s]
[%d][%(info.playlist_index)s][%(info.id)s][%(info.title).50s]prog:[%(progress.downloaded_bytes)s/%(progress.total_bytes)s][%(progress._percent_str)s][%(progress.speed)s][%(progress.eta)s]
[%d][%(info.playlist_index)s][%(info.id)s][%(info.title).50s]prog:[%(progress.downloaded_bytes)s/%(progress.total_bytes)s][%(progress._percent_str)s][%(progress.speed)s][%(progress.eta)s]
[%d][%(info.playlist_index)s][%(info.id)s][%(info.title).50s]prog:[%(progress.downloaded_bytes)s/%(progress.total_bytes)s][%(progress._percent_str)s][%(progress.speed)s][%(progress.eta)s]
[%d][%(info.playlist_index)s][%(info.id)s][%(info.title).50s]prog:[%(progress.downloaded_bytes)s/%(progress.total_bytes)s][%(progress._percent_str)s][%(progress.speed)s][%(progress.eta)s]
[%d][%(info.playlist_index)s][%(info.id)s][%(info.title).50s]prog:[%(progress.downloaded_bytes)s/%(progress.total_bytes)s][%(progress._percent_str)s][%(progress.speed)s][%(progress.eta)s]
[%d][%(info.playlist_index)s][%(info.id)s][%(info.title).50s]prog:[%(progress.downloaded_bytes)s/%(progress.total_bytes)s][%(progress._percent_str)s][%(progress.speed)s][%(progress.eta)s]
[%d][%(info.playlist_index)s][%(info.id)s][%(info.title).50s]prog:[%(progress.downloaded_bytes)s/%(progress.total_bytes)s][%(progress._percent_str)s][%(progress.speed)s][%(progress.eta)s]
[%d][%(info.playlist_index)s][%(info.id)s][%(info.title).50s]prog:[%(progress.downloaded_bytes)s/%(progress.total_bytes)s][%(progress._percent_str)s][%(progress.speed)s][%(progress.eta)s]
[%d][%(info.playlist_index)s][%(info.id)s][%(info.title).50s]prog:[%(progress.downloaded_bytes)s/%(progress.total_bytes)s][%(progress._percent_str)s][%(progress.speed)s][%(progress.eta)s]
[%d][%(info.playlist_index)s][%(info.id)s][%(info.title).50s]prog:[%(progress.downloaded_bytes)s/%(progress.total_bytes)s][%(progress._percent_str)s][%(progress.speed)s][%(progress.eta)s]
[%d][%(info.playlist_index)s][%(info.id)s][%(info.title).50s]prog:[%(progress.downloaded_bytes)s/%(progress.total_bytes)s][%(progress._percent_str)s][%(progress.speed)s][%(progress.eta)s]
[%d][%(info.playlist_index)s][%(info.id)s][%(info.title).50s]prog:[%(progress.downloaded_bytes)s/%(progress.total_bytes)s][%(progress._percent_str)s][%(progress.speed)s][%(progress.eta)s]
[%d][%(info.playlist_index)s][%(info.id)s][%(info.title).50s]prog:[%(progress.downloaded_bytes)s/%(progress.total_bytes)s][%(progress._percent_str)s][%(progress.speed)s][%(progress.eta)s]
[%d][%(info.playlist_index)s][%(info.id)s][%(info.title).50s]prog:[%(progress.downloaded_bytes)s/%(progress.total_bytes)s][%(progress._percent_str)s][%(progress.speed)s][%(progress.eta)s]
[%d][%(info.playlist_index)s][%(info.id)s][%(info.title).50s]prog:[%(progress.downloaded_bytes)s/%(progress.total_bytes)s][%(progress._percent_str)s][%(progress.speed)s][%(progress.eta)s]
[%d][%(info.playlist_index)s][%(info.id)s][%(info.title).50s]prog:[%(progress.downloaded_bytes)s/%(progress.total_bytes)s][%(progress._percent_str)s][%(progress.speed)s][%(progress.eta)s]
[%d][%(info.playlist_index)s][%(info.id)s][%(info.title).50s]prog:[%(progress.downloaded_bytes)s/%(progress.total_bytes)s][%(progress._percent_str)s][%(progress.speed)s][%(progress.eta)s]
[%d][%(info.playlist_index)s][%(info.id)s][%(info.title).50s]prog:[%(progress.downloaded_bytes)s/%(progress.total_bytes)s][%(progress._percent_str)s][%(progress.speed)s][%(progress.eta)s]
[%d][%(info.playlist_index)s][%(info.id)s][%(info.title).50s]prog:[%(progress.downloaded_bytes)s/%(progress.total_bytes)s][%(progress._percent_str)s][%(progress.speed)s][%(progress.eta)s]
[%d][%(info.playlist_index)s][%(info.id)s][%(info.title).50s]prog:[%(progress.downloaded_bytes)s/%(progress.total_bytes)s][%(progress._percent_str)s][%(progress.speed)s][%(progress.eta)s]
[%d][%(info.playlist_index)s][%(info.id)s][%(info.title).50s]prog:[%(progress.downloaded_bytes)s/%(progress.total_bytes)s][%(progress._percent_str)s][%(progress.speed)s][%(progress.eta)s]
[%d][%(info.playlist_index)s][%(info.id)s][%(info.title).50s]prog:[%(progress.downloaded_bytes)s/%(progress.total_bytes)s][%(progress._percent_str)s][%(progress.speed)s][%(progress.eta)s]
[%d][%(info.playlist_index)s][%(info.id)s][%(info.title).50s]prog:[%(progress.downloaded_bytes)s/%(progress.total_bytes)s][%(progress._percent_str)s][%(progress.speed)s][%(progress.eta)s]
[%d][%(info.playlist_index)s][%(info.id)s][%(info.title).50s]prog:[%(progress.downloaded_bytes)s/%(progress.total_bytes)s][%(progress._percent_str)s][%(progress.speed)s][%(progress.eta)s]
[%d][%(info.playlist_index)s][%(info.id)s][%(info.title).50s]prog:[%(progress.downloaded_bytes)s/%(progress.total_bytes)s][%(progress._percent_str)s][%(progress.speed)s][%(progress.eta)s]
[%d][%(info.playlist_index)s][%(info.id)s][%(info.title).50s]prog:[%(progress.downloaded_bytes)s/%(progress.total_bytes)s][%(progress._percent_str)s][%(progress.speed)s][%(progress.eta)s]
[%d][%(info.playlist_index)s][%(info.id)s][%(info.title).50s]prog:[%(progress.downloaded_bytes)s/%(progress.total_bytes)s][%(progress._percent_str)s][%(progress.speed)s][%(progress.eta)s]
[%d][%(info.playlist_index)s][%(info.id)s][%(info.title).50s]prog:[%(progress.downloaded_bytes)s/%(progress.total_bytes)s][%(progress._percent_str)s][%(progress.speed)s][%(progress.eta)s]
[%d][%(info.playlist_index)s][%(info.id)s][%(info.title).50s]prog:[%(progress.downloaded_bytes)s/%(progress.total_bytes)s][%(progress._percent_str)s][%(progress.speed)s][%(progress.eta)s]
[%d][%(info.playlist_index)s][%(info.id)s][%(info.title).50s]prog:[%(progress.downloaded_bytes)s/%(progress.total_bytes)s][%(progress._percent_str)s][%(progress.speed)s][%(progress.eta)s]
[%d][%(info.playlist_index)s][%(info.id)s][%(info.title).50s]prog:[%(progress.downloaded_bytes)s/%(progress.total_bytes)s][%(progress._percent_str)s][%(progress.speed)s][%(progress.eta)s]
[%d][%(info.playlist_index)s][%(info.id)s][%(info.title).50s]prog:[%(progress.downloaded_bytes)s/%(progress.total_bytes)s][%(progress._percent_str)s][%(progress.speed)s][%(progress.eta)s]
[%d][%(info.playlist_index)s][%(info.id)s][%(info.title).50s]prog:[%(progress.downloaded_bytes)s/%(progress.total_bytes)s][%(progress._percent_str)s][%(progress.speed)s][%(progress.eta)s]
[%d][%(info.playlist_index)s][%(info.id)s][%(info.title).50s]prog:[%(progress.downloaded_bytes)s/%(progress.total_bytes)s][%(progress._percent_str)s][%(progress.speed)s][%(progress.eta)s]
[%d][%(info.playlist_index)s][%(info.id)s][%(info.title).50s]prog:[%(progress.downloaded_bytes)s/%(progress.total_bytes)s][%(progress._percent_str)s][%(progress.speed)s][%(progress.eta)s]
[%d][%(info.playlist_index)s][%(info.id)s][%(info.title).50s]prog:[%(progress.downloaded_bytes)s/%(progress.total_bytes)s][%(progress._percent_str)s][%(progress.speed)s][%(progress.eta)s]
[%d][%(info.playlist_index)s][%(info.id)s][%(info.title).50s]prog:[%(progress.downloaded_bytes)s/%(progress.total_bytes)s][%(progress._percent_str)s][%(progress.speed)s][%(progress.eta)s]
[%d][%(info.playlist_index)s][%(info.id)s][%(info.title).50s]prog:[%(progress.downloaded_bytes)s/%(progress.total_bytes)s][%(progress._percent_str)s][%(progress.speed)s][%(progress.eta)s]
[%d][%(info.playlist_index)s][%(info.id)s][%(info.title).50s]prog:[%(progress.downloaded_bytes)s/%(progress.total_bytes)s][%(progress._percent_str)s][%(progress.speed)s][%(progress.eta)s]
[%d][%(info.playlist_index)s][%(info.id)s][%(info.title).50s]prog:[%(progress.downloaded_bytes)s/%(progress.total_bytes)s][%(progress._percent_str)s][%(progress.speed)s][%(progress.eta)s]
[%d][%(info.playlist_index)s][%(info.id)s][%(info.title).50s]prog:[%(progress.downloaded_bytes)s/%(progress.total_bytes)s][%(progress._percent_str)s][%(progress.speed)s][%(progress.eta)s]
[%d][%(info.playlist_index)s][%(info.id)s][%(info.title).50s]prog:[%(progress.downloaded_bytes)s/%(progress.total_bytes)s][%(progress._percent_str)s][%(progress.speed)s][%(progress.eta)s]
[%d][%(info.playlist_index)s][%(info.id)s][%(info.title).50s]prog:[%(progress.downloaded_bytes)s/%(progress.total_bytes)s][%(progress._percent_str)s][%(progress.speed)s][%(progress.eta)s]
[%d][%(info.playlist_index)s][%(info.id)s][%(info.title).50s]prog:[%(progress.downloaded_bytes)s/%(progress.total_bytes)s][%(progress._percent_str)s][%(progress.speed)s][%(progress.eta)s]
[%d][%(info.playlist_index)s][%(info.id)s][%(info.title).50s]prog:[%(progress.downloaded_bytes)s/%(progress.total_bytes)s][%(progress._percent_str)s][%(progress.speed)s][%(progress.eta)s]
[%d][%(info.playlist_index)s][%(info.id)s][%(info.title).50s]prog:[%(progress.downloaded_bytes)s/%(progress.total_bytes)s][%(progress._percent_str)s][%(progress.speed)s][%(progress.eta)s]
[%d][%(info.playlist_index)s][%(info.id)s][%(info.title).50s]prog:[%(progress.downloaded_bytes)s/%(progress.total_bytes)s][%(progress._percent_str)s][%(progress.speed)s][%(progress.eta)s]
[%d][%(info.playlist_index)s][%(info.id)s][%(info.title).50s]prog:[%(progress.downloaded_bytes)s/%(progress.total_bytes)s][%(progress._percent_str)s][%(progress.speed)s][%(progress.eta)s]
[%d][%(info.playlist_index)s][%(info.id)s][%(info.title).50s]prog:[%(progress.downloaded_bytes)s/%(progress.total_bytes)s][%(progress._percent_str)s][%(progress.speed)s][%(progress.eta)s]
[%d][%(info.playlist_index)s][%(info.id)s][%(info.title).50s]prog:[%(progress.downloaded_bytes)s/%(progress.total_bytes)s][%(progress._percent_str)s][%(progress.speed)s][%(progress.eta)s]
[%d][%(info.playlist_index)s][%(info.id)s][%(info.title).50s]prog:[%(progress.downloaded_bytes)s/%(progress.total_bytes)s][%(progress._percent_str)s][%(progress.speed)s][%(progress.eta)s]
[%d][%(info.playlist_index)s][%(info.id)s][%(info.title).50s]prog:[%(progress.downloaded_bytes)s/%(progress.total_bytes)s][%(progress._percent_str)s][%(progress.speed)s][%(progress.eta)s]
[%d][%(info.playlist_index)s][%(info.id)s][%(info.title).50s]prog:[%(progress.downloaded_bytes)s/%(progress.total_bytes)s][%(progress._percent_str)s][%(progress.speed)s][%(progress.eta)s]
[%d][%(info.playlist_index)s][%(info.id)s][%(info.title).50s]prog:[%(progress.downloaded_bytes)s/%(progress.total_bytes)s][%(progress._percent_str)s][%(progress.speed)s][%(progress.eta)s]
[%d][%(info.playlist_index)s][%(info.id)s][%(info.title).50s]prog:[%(progress.downloaded_bytes)s/%(progress.total_bytes)s][%(progress._percent_str)s][%(progress.speed)s][%(progress.eta)s]
[%d][%(info.playlist_index)s][%(info.id)s][%(info.title).50s]prog:[%(progress.downloaded_bytes)s/%(progress.total_bytes)s][%(progress._percent_str)s][%(progress.speed)s][%(progress.eta)s]
[%d][%(info.playlist_index)s][%(info.id)s][%(info.title).50s]prog:[%(progress.downloaded_bytes)s/%(progress.total_bytes)s][%(progress._percent_str)s][%(progress.speed)s][%(progress.eta)s]
[%d][%(info.playlist_index)s][%(info.id)s][%(info.title).50s]prog:[%(progress.downloaded_bytes)s/%(progress.total_bytes)s][%(progress._percent_str)s][%(progress.speed)s][%(progress.eta)s]
[%d][%(info.playlist_index)s][%(info.id)s][%(info.title).50s]prog:[%(progress.downloaded_bytes)s/%(progress.total_bytes)s][%(progress._percent_str)s][%(progress.speed)s][%(progress.eta)s]
[%d][%(info.playlist_index)s][%(info.id)s][%(info.title).50s]prog:[%(progress.downloaded_bytes)s/%(progress.total_bytes)s][%(progress._percent_str)s][%(progress.speed)s][%(progress.eta)s]
[%d][%(info.playlist_index)s][%(info.id)s][%(info.title).50s]prog:[%(progress.downloaded_bytes)s/%(progress.total_bytes)s][%(progress._percent_str)s][%(progress.speed)s][%(progress.eta)s]
[%d][%(info.playlist_index)s][%(info.id)s][%(info.title).50s]prog:[%(progress.downloaded_bytes)s/%(progress.total_bytes)s][%(progress._percent_str)s][%(progress.speed)s][%(progress.eta)s]
[%d][%(info.playlist_index)s][%(info.id)s][%(info.title).50s]prog:[%(progress.downloaded_bytes)s/%(progress.total_bytes)s][%(progress._percent_str)s][%(progress.speed)s][%(progress.eta)s]
[%d][%(info.playlist_index)s][%(info.id)s][%(info.title).50s]prog:[%(progress.downloaded_bytes)s/%(progress.total_bytes)s][%(progress._percent_str)s][%(progress.speed)s][%(progress.eta)s]
[%d][%(info.playlist_index)s][%(info.id)s][%(info.title).50s]prog:[%(progress.downloaded_bytes)s/%(progress.total_bytes)s][%(progress._percent_str)s][%(progress.speed)s][%(progress.eta)s]
[%d][%(info.playlist_index)s][%(info.id)s][%(info.title).50s]prog:[%(progress.downloaded_bytes)s/%(progress.total_bytes)s][%(progress._percent_str)s][%(progress.speed)s][%(progress.eta)s]
[%d][%(info.playlist_index)s][%(info.id)s][%(info.title).50s]prog:[%(progress.downloaded_bytes)s/%(progress.total_bytes)s][%(progress._percent_str)s][%(progress.speed)s][%(progress.eta)s]
[%d][%(info.playlist_index)s][%(info.id)s][%(info.title).50s]prog:[%(progress.downloaded_bytes)s/%(progress.total_bytes)s][%(progress._percent_str)s][%(progress.speed)s][%(progress.eta)s]
[%d][%(info.playlist_index)s][%(info.id)s][%(info.title).50s]prog:[%(progress.downloaded_bytes)s/%(progress.total_bytes)s][%(progress._percent_str)s][%(progress.speed)s][%(progress.eta)s]
[%d][%(info.playlist_index)s][%(info.id)s][%(info.title).50s]prog:[%(progress.downloaded_bytes)s/%(progress.total_bytes)s][%(progress._percent_str)s][%(progress.speed)s][%(progress.eta)s]
[%d][%(info.playlist_index)s][%(info.id)s][%(info.title).50s]prog:[%(progress.downloaded_bytes)s/%(progress.total_bytes)s][%(progress._percent_str)s][%(progress.speed)s][%(progress.eta)s]
[%d][%(info.playlist_index)s][%(info.id)s][%(info.title).50s]prog:[%(progress.downloaded_bytes)s/%(progress.total_bytes)s][%(progress._percent_str)s][%(progress.speed)s][%(progress.eta)s]
[%d][%(info.playlist_index)s][%(info.id)s][%(info.title).50s]prog:[%(progress.downloaded_bytes)s/%(progress.total_bytes)s][%(progress._percent_str)s][%(progress.speed)s][%(progress.eta)s]
[%d][%(info.playlist_index)s][%(info.id)s][%(info.title).50s]prog:[%(progress.downloaded_bytes)s/%(progress.total_bytes)s][%(progress._percent_str)s][%(progress.speed)s][%(progress.eta)s]
[%d][%(info.playlist_index)s][%(info.id)s][%(info.title).50s]prog:[%(progress.downloaded_bytes)s/%(progress.total_bytes)s][%(progress._percent_str)s][%(progress.speed)s][%(progress.eta)s]
[%d][%(info.playlist_index)s][%(info.id)s][%(info.title).50s]prog:[%(progress.downloaded_bytes)s/%(progress.total_bytes)s][%(progress._percent_str)s][%(progress.speed)s][%(progress.eta)s]
[%d][%(info.playlist_index)s][%(info.id)s][%(info.title).50s]prog:[%(progress.downloaded_bytes)s/%(progress.total_bytes)s][%(progress._percent_str)s][%(progress.speed)s][%(progress.eta)s]
[%d][%(info.playlist_index)s][%(info.id)s][%(info.title).50s]prog:[%(progress.downloaded_bytes)s/%(progress.total_bytes)s][%(progress._percent_str)s][%(progress.speed)s][%(progress.eta)s]
[%d][%(info.playlist_index)s][%(info.id)s][%(info.title).50s]prog:[%(progress.downloaded_bytes)s/%(progress.total_bytes)s][%(progress._percent_str)s][%(progress.speed)s][%(progress.eta)s]
[%d][%(info.playlist_index)s][%(info.id)s][%(info.title).50s]prog:[%(progress.downloaded_bytes)s/%(progress.total_bytes)s][%(progress._percent_str)s][%(progress.speed)s][%(progress.eta)s]
[%d][%(info.playlist_index)s][%(info.id)s][%(info.title).50s]prog:[%(progress.downloaded_bytes)s/%(progress.total_bytes)s][%(progress._percent_str)s][%(progress.speed)s][%(progress.eta)s]
[%d][%(info.playlist_index)s][%(info.id)s][%(info.title).50s]prog:[%(progress.downloaded_bytes)s/%(progress.total_bytes)s][%(progress._percent_str)s][%(progress.speed)s][%(progress.eta)s]
[%d][%(info.playlist_index)s][%(info.id)s][%(info.title).50s]prog:[%(progress.downloaded_bytes)s/%(progress.total_bytes)s][%(progress._percent_str)s][%(progress.speed)s][%(progress.eta)s]
[%d][%(info.playlist_index)s][%(info.id)s][%(info.title).50s]prog:[%(progress.downloaded_bytes)s/%(progress.total_bytes)s][%(progress._percent_str)s][%(progress.speed)s][%(progress.eta)s]
[%d][%(info.playlist_index)s][%(info.id)s][%(info.title).50s]prog:[%(progress.downloaded_bytes)s/%(progress.total_bytes)s][%(progress._percent_str)s][%(progress.speed)s][%(progress.eta)s]
[download] Destination: How I Make Videos for Programmers (on Fireship.io) [N6-Q2dgodLs].f251.webm
[%d][%(info.playlist_index)s][%(info.id)s][%(info.title).50s]prog:[%(progress.downloaded_bytes)s/%(progress.total_bytes)s][%(progress._percent_str)s][%(progress.speed)s][%(progress.eta)s]
[%d][%(info.playlist_index)s][%(info.id)s][%(info.title).50s]prog:[%(progress.downloaded_bytes)s/%(progress.total_bytes)s][%(progress._percent_str)s][%(progress.speed)s][%(progress.eta)s]
[%d][%(info.playlist_index)s][%(info.id)s][%(info.title).50s]prog:[%(progress.downloaded_bytes)s/%(progress.total_bytes)s][%(progress._percent_str)s][%(progress.speed)s][%(progress.eta)s]
[%d][%(info.playlist_index)s][%(info.id)s][%(info.title).50s]prog:[%(progress.downloaded_bytes)s/%(progress.total_bytes)s][%(progress._percent_str)s][%(progress.speed)s][%(progress.eta)s]
[%d][%(info.playlist_index)s][%(info.id)s][%(info.title).50s]prog:[%(progress.downloaded_bytes)s/%(progress.total_bytes)s][%(progress._percent_str)s][%(progress.speed)s][%(progress.eta)s]
[%d][%(info.playlist_index)s][%(info.id)s][%(info.title).50s]prog:[%(progress.downloaded_bytes)s/%(progress.total_bytes)s][%(progress._percent_str)s][%(progress.speed)s][%(progress.eta)s]
[%d][%(info.playlist_index)s][%(info.id)s][%(info.title).50s]prog:[%(progress.downloaded_bytes)s/%(progress.total_bytes)s][%(progress._percent_str)s][%(progress.speed)s][%(progress.eta)s]
[%d][%(info.playlist_index)s][%(info.id)s][%(info.title).50s]prog:[%(progress.downloaded_bytes)s/%(progress.total_bytes)s][%(progress._percent_str)s][%(progress.speed)s][%(progress.eta)s]
[%d][%(info.playlist_index)s][%(info.id)s][%(info.title).50s]prog:[%(progress.downloaded_bytes)s/%(progress.total_bytes)s][%(progress._percent_str)s][%(progress.speed)s][%(progress.eta)s]
[%d][%(info.playlist_index)s][%(info.id)s][%(info.title).50s]prog:[%(progress.downloaded_bytes)s/%(progress.total_bytes)s][%(progress._percent_str)s][%(progress.speed)s][%(progress.eta)s]
[%d][%(info.playlist_index)s][%(info.id)s][%(info.title).50s]prog:[%(progress.downloaded_bytes)s/%(progress.total_bytes)s][%(progress._percent_str)s][%(progress.speed)s][%(progress.eta)s]
[%d][%(info.playlist_index)s][%(info.id)s][%(info.title).50s]prog:[%(progress.downloaded_bytes)s/%(progress.total_bytes)s][%(progress._percent_str)s][%(progress.speed)s][%(progress.eta)s]
[%d][%(info.playlist_index)s][%(info.id)s][%(info.title).50s]prog:[%(progress.downloaded_bytes)s/%(progress.total_bytes)s][%(progress._percent_str)s][%(progress.speed)s][%(progress.eta)s]
[%d][%(info.playlist_index)s][%(info.id)s][%(info.title).50s]prog:[%(progress.downloaded_bytes)s/%(progress.total_bytes)s][%(progress._percent_str)s][%(progress.speed)s][%(progress.eta)s]
[%d][%(info.playlist_index)s][%(info.id)s][%(info.title).50s]prog:[%(progress.downloaded_bytes)s/%(progress.total_bytes)s][%(progress._percent_str)s][%(progress.speed)s][%(progress.eta)s]
[Merger] Merging formats into "How I Make Videos for Programmers (on Fireship.io) [N6-Q2dgodLs].webm"
Deleting original file How I Make Videos for Programmers (on Fireship.io) [N6-Q2dgodLs].f401.mp4 (pass -k to keep)
Deleting original file How I Make Videos for Programmers (on Fireship.io) [N6-Q2dgodLs].f251.webm (pass -k to keep)
[download] Finished downloading playlist: Jeff Delaney - Videos
