[youtube:tab] Extracting URL: https://www.youtube.com/playlist?list=PL0vfts4VzfNjdPuyk9SJDIvpsOjNgU1bs
[youtube:tab] PL0vfts4VzfNjdPuyk9SJDIvpsOjNgU1bs: Downloading webpage
[youtube:tab] PL0vfts4VzfNjdPuyk9SJDIvpsOjNgU1bs: Redownloading playlist API JSON with unavailable videos
[download] Downloading playlist: For the Haters
[youtube:tab] PL0vfts4VzfNjdPuyk9SJDIvpsOjNgU1bs page 1: Downloading API JSON
[youtube:tab] Playlist For the Haters: Downloading 4 items of 4
[download] Downloading item 1 of 4
[youtube] Extracting URL: https://www.youtube.com/watch?v=ZzI9JE0i6Lc
[youtube] ZzI9JE0i6Lc: Downloading webpage
[youtube] ZzI9JE0i6Lc: Downloading tv simply player API JSON
[youtube] ZzI9JE0i6Lc: Downloading tv client config
[youtube] ZzI9JE0i6Lc: Downloading tv player API JSON
[info] ZzI9JE0i6Lc: Downloading 1 format(s): 401+251
[download] Sleeping 4.00 seconds as required by the site...
[download] Destination: AWS for the Haters in 100 Seconds [ZzI9JE0i6Lc].f401.mp4
[%d][%(info.playlist_index)s][%(info.id)s][%(info.title).50s]prog:[%(progress.downloaded_bytes)s/%(progress.total_bytes)s][%(progress._percent_str)s][%(progress.speed)s][%(progress.eta)s]
[%d][%(info.playlist_index)s][%(info.id)s][%(info.title).50s]prog:[%(progress.downloaded_bytes)s/%(progress.total_bytes)s][%(progress._percent_str)s][%(progress.speed)s][%(progress.eta)s]
[%d][%(info.playlist_index)s][%(info.id)s][%(info.title).50s]prog:[%(progress.downloaded_bytes)s/%(progress.total_bytes)s][%(progress._percent_str)s][%(progress.speed)s][%(progress.eta)s]
[%d][%(info.playlist_index)s][%(info.id)s][%(info.title).50s]prog:[%(progress.downloaded_bytes)s/%(progress.total_bytes)s][%(progress._percent_str)s][%(progress.speed)s][%(progress.eta)s]
[%d][%(info.playlist_index)s][%(info.id)s][%(info.title).50s]prog:[%(progress.downloaded_bytes)s/%(progress.total_bytes)s][%(progress._percent_str)s][%(progress.speed)s][%(progress.eta)s]
[%d][%(info.playlist_index)s][%(info.id)s][%(info.title).50s]prog:[%(progress.downloaded_bytes)s/%(progress.total_bytes)s][%(progress._percent_str)s][%(progress.speed)s][%(progress.eta)s]
[%d][%(info.playlist_index)s][%(info.id)s][%(info.title).50s]prog:[%(progress.downloaded_bytes)s/%(progress.total_bytes)s][%(progress._percent_str)s][%(progress.speed)s][%(progress.eta)s]
[%d][%(info.playlist_index)s][%(info.id)s][%(info.title).50s]prog:[%(progress.downloaded_bytes)s/%(progress.total_bytes)s][%(progress._percent_str)s][%(progress.speed)s][%(progress.eta)s]
[%d][%(info.playlist_index)s][%(info.id)s][%(info.title).50s]prog:[%(progress.downloaded_bytes)s/%(progress.total_bytes)s][%(progress._percent_str)s][%(progress.speed)s][%(progress.eta)s]
[%d][%(info.playlist_index)s][%(info.id)s][%(info.title).50s]prog:[%(progress.downloaded_bytes)s/%(progress.total_bytes)s][%(progress._percent_str)s][%(progress.speed)s][%(progress.eta)s]
[%d][%(info.playlist_index)s][%(info.id)s][%(info.title).50s]prog:[%(progress.downloaded_bytes)s/%(progress.total_bytes)s][%(progress._percent_str)s][%(progress.speed)s][%(progress.eta)s]
[%d][%(info.playlist_index)s][%(info.id)s][%(info.title).50s]prog:[%(progress.downloaded_bytes)s/%(progress.total_bytes)s][%(progress._percent_str)s][%(progress.speed)s][%(progress.eta)s]
[%d][%(info.playlist_index)s][%(info.id)s][%(info.title).50s]prog:[%(progress.downloaded_bytes)s/%(progress.total_bytes)s][%(progress._percent_str)s][%(progress.speed)s][%(progress.eta)s]
[%d][%(info.playlist_index)s][%(info.id)s][%(info.title).50s]prog:[%(progress.downloaded_bytes)s/%(progress.total_bytes)s][%(progress._percent_str)s][%(progress.speed)s][%(progress.eta)s]
[%d][%(info.playlist_index)s][%(info.id)s][%(info.title).50s]prog:[%(progress.downloaded_bytes)s/%(progress.total_bytes)s][%(progress._percent_str)s][%(progress.speed)s][%(progress.eta)s]
[%d][%(info.playlist_index)s][%(info.id)s][%(info.title).50s]prog:[%(progress.downloaded_bytes)s/%(progress.total_bytes)s][%(progress._percent_str)s][%(progress.speed)s][%(progress.eta)s]
[%d][%(info.playlist_index)s][%(info.id)s][%(info.title).50s]prog:[%(progress.downloaded_bytes)s/%(progress.total_bytes)s][%(progress._percent_str)s][%(progress.speed)s][%(progress.eta)s]
[%d][%(info.playlist_index)s][%(info.id)s][%(info.title).50s]prog:[%(progress.downloaded_bytes)s/%(progress.total_bytes)s][%(progress._percent_str)s][%(progress.speed)s][%(progress.eta)s]
[%d][%(info.playlist_index)s][%(info.id)s][%(info.title).50s]prog:[%(progress.downloaded_bytes)s/%(progress.total_bytes)s][%(progress._percent_str)s][%(progress.speed)s][%(progress.eta)s]
[%d][%(info.playlist_index)s][%(info.id)s][%(info.title).50s]prog:[%(progress.downloaded_bytes)s/%(progress.total_bytes)s][%(progress._percent_str)s][%(progress.speed)s][%(progress.eta)s]
[%d][%(info.playlist_index)s][%(info.id)s][%(info.title).50s]prog:[%(progress.downloaded_bytes)s/%(progress.total_bytes)s][%(progress._percent_str)s][%(progress.speed)s][%(progress.eta)s]
[%d][%(info.playlist_index)s][%(info.id)s][%(info.title).50s]prog:[%(progress.downloaded_bytes)s/%(progress.total_bytes)s][%(progress._percent_str)s][%(progress.speed)s][%(progress.eta)s]
[%d][%(info.playlist_index)s][%(info.id)s][%(info.title).50s]prog:[%(progress.downloaded_bytes)s/%(progress.total_bytes)s][%(progress._percent_str)s][%(progress.speed)s][%(progress.eta)s]
[%d][%(info.playlist_index)s][%(info.id)s][%(info.title).50s]prog:[%(progress.downloaded_bytes)s/%(progress.total_bytes)s][%(progress._percent_str)s][%(progress.speed)s][%(progress.eta)s]
[%d][%(info.playlist_index)s][%(info.id)s][%(info.title).50s]prog:[%(progress.downloaded_bytes)s/%(progress.total_bytes)s][%(progress._percent_str)s][%(progress.speed)s][%(progress.eta)s]
[%d][%(info.playlist_index)s][%(info.id)s][%(info.title).50s]prog:[%(progress.downloaded_bytes)s/%(progress.total_bytes)s][%(progress._percent_str)s][%(progress.speed)s][%(progress.eta)s]
[%d][%(info.playlist_index)s][%(info.id)s][%(info.title).50s]prog:[%(progress.downloaded_bytes)s/%(progress.total_bytes)s][%(progress._percent_str)s][%(progress.speed)s][%(progress.eta)s]
[%d][%(info.playlist_index)s][%(info.id)s][%(info.title).50s]prog:[%(progress.downloaded_bytes)s/%(progress.total_bytes)s][%(progress._percent_str)s][%(progress.speed)s][%(progress.eta)s]
[%d][%(info.playlist_index)s][%(info.id)s][%(info.title).50s]prog:[%(progress.downloaded_bytes)s/%(progress.total_bytes)s][%(progress._percent_str)s][%(progress.speed)s][%(progress.eta)s]
[%d][%(info.playlist_index)s][%(info.id)s][%(info.title).50s]prog:[%(progress.downloaded_bytes)s/%(progress.total_bytes)s][%(progress._percent_str)s][%(progress.speed)s][%(progress.eta)s]
[%d][%(info.playlist_index)s][%(info.id)s][%(info.title).50s]prog:[%(progress.downloaded_bytes)s/%(progress.total_bytes)s][%(progress._percent_str)s][%(progress.speed)s][%(progress.eta)s]
[%d][%(info.playlist_index)s][%(info.id)s][%(info.title).50s]prog:[%(progress.downloaded_bytes)s/%(progress.total_bytes)s][%(progress._percent_str)s][%(progress.speed)s][%(progress.eta)s]
[%d][%(info.playlist_index)s][%(info.id)s][%(info.title).50s]prog:[%(progress.downloaded_bytes)s/%(progress.total_bytes)s][%(progress._percent_str)s][%(progress.speed)s][%(progress.eta)s]
[%d][%(info.playlist_index)s][%(info.id)s][%(info.title).50s]prog:[%(progress.downloaded_bytes)s/%(progress.total_bytes)s][%(progress._percent_str)s][%(progress.speed)s][%(progress.eta)s]
[%d][%(info.playlist_index)s][%(info.id)s][%(info.title).50s]prog:[%(progress.downloaded_bytes)s/%(progress.total_bytes)s][%(progress._percent_str)s][%(progress.speed)s][%(progress.eta)s]
[%d][%(info.playlist_index)s][%(info.id)s][%(info.title).50s]prog:[%(progress.downloaded_bytes)s/%(progress.total_bytes)s][%(progress._percent_str)s][%(progress.speed)s][%(progress.eta)s]
[%d][%(info.playlist_index)s][%(info.id)s][%(info.title).50s]prog:[%(progress.downloaded_bytes)s/%(progress.total_bytes)s][%(progress._percent_str)s][%(progress.speed)s][%(progress.eta)s]
[%d][%(info.playlist_index)s][%(info.id)s][%(info.title).50s]prog:[%(progress.downloaded_bytes)s/%(progress.total_bytes)s][%(progress._percent_str)s][%(progress.speed)s][%(progress.eta)s]
[%d][%(info.playlist_index)s][%(info.id)s][%(info.title).50s]prog:[%(progress.downloaded_bytes)s/%(progress.total_bytes)s][%(progress._percent_str)s][%(progress.speed)s][%(progress.eta)s]
[%d][%(info.playlist_index)s][%(info.id)s][%(info.title).50s]prog:[%(progress.downloaded_bytes)s/%(progress.total_bytes)s][%(progress._percent_str)s][%(progress.speed)s][%(progress.eta)s]
[%d][%(info.playlist_index)s][%(info.id)s][%(info.title).50s]prog:[%(progress.downloaded_bytes)s/%(progress.total_bytes)s][%(progress._percent_str)s][%(progress.speed)s][%(progress.eta)s]
[%d][%(info.playlist_index)s][%(info.id)s][%(info.title).50s]prog:[%(progress.downloaded_bytes)s/%(progress.total_bytes)s][%(progress._percent_str)s][%(progress.speed)s][%(progress.eta)s]
[%d][%(info.playlist_index)s][%(info.id)s][%(info.title).50s]prog:[%(progress.downloaded_bytes)s/%(progress.total_bytes)s][%(progress._percent_str)s][%(progress.speed)s][%(progress.eta)s]
[%d][%(info.playlist_index)s][%(info.id)s][%(info.title).50s]prog:[%(progress.downloaded_bytes)s/%(progress.total_bytes)s][%(progress._percent_str)s][%(progress.speed)s][%(progress.eta)s]
[%d][%(info.playlist_index)s][%(info.id)s][%(info.title).50s]prog:[%(progress.downloaded_bytes)s/%(progress.total_bytes)s][%(progress._percent_str)s][%(progress.speed)s][%(progress.eta)s]
[%d][%(info.playlist_index)s][%(info.id)s][%(info.title).50s]prog:[%(progress.downloaded_bytes)s/%(progress.total_bytes)s][%(progress._percent_str)s][%(progress.speed)s][%(progress.eta)s]
[%d][%(info.playlist_index)s][%(info.id)s][%(info.title).50s]prog:[%(progress.downloaded_bytes)s/%(progress.total_bytes)s][%(progress._percent_str)s][%(progress.speed)s][%(progress.eta)s]
[%d][%(info.playlist_index)s][%(info.id)s][%(info.title).50s]prog:[%(progress.downloaded_bytes)s/%(progress.total_bytes)s][%(progress._percent_str)s][%(progress.speed)s][%(progress.eta)s]
[%d][%(info.playlist_index)s][%(info.id)s][%(info.title).50s]prog:[%(progress.downloaded_bytes)s/%(progress.total_bytes)s][%(progress._percent_str)s][%(progress.speed)s][%(progress.eta)s]
[%d][%(info.playlist_index)s][%(info.id)s][%(info.title).50s]prog:[%(progress.downloaded_bytes)s/%(progress.total_bytes)s][%(progress._percent_str)s][%(progress.speed)s][%(progress.eta)s]
[%d][%(info.playlist_index)s][%(info.id)s][%(info.title).50s]prog:[%(progress.downloaded_bytes)s/%(progress.total_bytes)s][%(progress._percent_str)s][%(progress.speed)s][%(progress.eta)s]
[%d][%(info.playlist_index)s][%(info.id)s][%(info.title).50s]prog:[%(progress.downloaded_bytes)s/%(progress.total_bytes)s][%(progress._percent_str)s][%(progress.speed)s][%(progress.eta)s]
[%d][%(info.playlist_index)s][%(info.id)s][%(info.title).50s]prog:[%(progress.downloaded_bytes)s/%(progress.total_bytes)s][%(progress._percent_str)s][%(progress.speed)s][%(progress.eta)s]
[%d][%(info.playlist_index)s][%(info.id)s][%(info.title).50s]prog:[%(progress.downloaded_bytes)s/%(progress.total_bytes)s][%(progress._percent_str)s][%(progress.speed)s][%(progress.eta)s]
[%d][%(info.playlist_index)s][%(info.id)s][%(info.title).50s]prog:[%(progress.downloaded_bytes)s/%(progress.total_bytes)s][%(progress._percent_str)s][%(progress.speed)s][%(progress.eta)s]
[%d][%(info.playlist_index)s][%(info.id)s][%(info.title).50s]prog:[%(progress.downloaded_bytes)s/%(progress.total_bytes)s][%(progress._percent_str)s][%(progress.speed)s][%(progress.eta)s]
[%d][%(info.playlist_index)s][%(info.id)s][%(info.title).50s]prog:[%(progress.downloaded_bytes)s/%(progress.total_bytes)s][%(progress._percent_str)s][%(progress.speed)s][%(progress.eta)s]
[%d][%(info.playlist_index)s][%(info.id)s][%(info.title).50s]prog:[%(progress.downloaded_bytes)s/%(progress.total_bytes)s][%(progress._percent_str)s][%(progress.speed)s][%(progress.eta)s]
[%d][%(info.playlist_index)s][%(info.id)s][%(info.title).50s]prog:[%(progress.downloaded_bytes)s/%(progress.total_bytes)s][%(progress._percent_str)s][%(progress.speed)s][%(progress.eta)s]
[%d][%(info.playlist_index)s][%(info.id)s][%(info.title).50s]prog:[%(progress.downloaded_bytes)s/%(progress.total_bytes)s][%(progress._percent_str)s][%(progress.speed)s][%(progress.eta)s]
[%d][%(info.playlist_index)s][%(info.id)s][%(info.title).50s]prog:[%(progress.downloaded_bytes)s/%(progress.total_bytes)s][%(progress._percent_str)s][%(progress.speed)s][%(progress.eta)s]
[%d][%(info.playlist_index)s][%(info.id)s][%(info.title).50s]prog:[%(progress.downloaded_bytes)s/%(progress.total_bytes)s][%(progress._percent_str)s][%(progress.speed)s][%(progress.eta)s]
[%d][%(info.playlist_index)s][%(info.id)s][%(info.title).50s]prog:[%(progress.downloaded_bytes)s/%(progress.total_bytes)s][%(progress._percent_str)s][%(progress.speed)s][%(progress.eta)s]
[%d][%(info.playlist_index)s][%(info.id)s][%(info.title).50s]prog:[%(progress.downloaded_bytes)s/%(progress.total_bytes)s][%(progress._percent_str)s][%(progress.speed)s][%(progress.eta)s]
[%d][%(info.playlist_index)s][%(info.id)s][%(info.title).50s]prog:[%(progress.downloaded_bytes)s/%(progress.total_bytes)s][%(progress._percent_str)s][%(progress.speed)s][%(progress.eta)s]
[%d][%(info.playlist_index)s][%(info.id)s][%(info.title).50s]prog:[%(progress.downloaded_bytes)s/%(progress.total_bytes)s][%(progress._percent_str)s][%(progress.speed)s][%(progress.eta)s]
[%d][%(info.playlist_index)s][%(info.id)s][%(info.title).50s]prog:[%(progress.downloaded_bytes)s/%(progress.total_bytes)s][%(progress._percent_str)s][%(progress.speed)s][%(progress.eta)s]
[%d][%(info.playlist_index)s][%(info.id)s][%(info.title).50s]prog:[%(progress.downloaded_bytes)s/%(progress.total_bytes)s][%(progress._percent_str)s][%(progress.speed)s][%(progress.eta)s]
[%d][%(info.playlist_index)s][%(info.id)s][%(info.title).50s]prog:[%(progress.downloaded_bytes)s/%(progress.total_bytes)s][%(progress._percent_str)s][%(progress.speed)s][%(progress.eta)s]
[%d][%(info.playlist_index)s][%(info.id)s][%(info.title).50s]prog:[%(progress.downloaded_bytes)s/%(progress.total_bytes)s][%(progress._percent_str)s][%(progress.speed)s][%(progress.eta)s]
[download] Destination: AWS for the Haters in 100 Seconds [ZzI9JE0i6Lc].f251.webm
[%d][%(info.playlist_index)s][%(info.id)s][%(info.title).50s]prog:[%(progress.downloaded_bytes)s/%(progress.total_bytes)s][%(progress._percent_str)s][%(progress.speed)s][%(progress.eta)s]
[%d][%(info.playlist_index)s][%(info.id)s][%(info.title).50s]prog:[%(progress.downloaded_bytes)s/%(progress.total_bytes)s][%(progress._percent_str)s][%(progress.speed)s][%(progress.eta)s]
[%d][%(info.playlist_index)s][%(info.id)s][%(info.title).50s]prog:[%(progress.downloaded_bytes)s/%(progress.total_bytes)s][%(progress._percent_str)s][%(progress.speed)s][%(progress.eta)s]
[%d][%(info.playlist_index)s][%(info.id)s][%(info.title).50s]prog:[%(progress.downloaded_bytes)s/%(progress.total_bytes)s][%(progress._percent_str)s][%(progress.speed)s][%(progress.eta)s]
[%d][%(info.playlist_index)s][%(info.id)s][%(info.title).50s]prog:[%(progress.downloaded_bytes)s/%(progress.total_bytes)s][%(progress._percent_str)s][%(progress.speed)s][%(progress.eta)s]
[%d][%(info.playlist_index)s][%(info.id)s][%(info.title).50s]prog:[%(progress.downloaded_bytes)s/%(progress.total_bytes)s][%(progress._percent_str)s][%(progress.speed)s][%(progress.eta)s]
[%d][%(info.playlist_index)s][%(info.id)s][%(info.title).50s]prog:[%(progress.downloaded_bytes)s/%(progress.total_bytes)s][%(progress._percent_str)s][%(progress.speed)s][%(progress.eta)s]
[%d][%(info.playlist_index)s][%(info.id)s][%(info.title).50s]prog:[%(progress.downloaded_bytes)s/%(progress.total_bytes)s][%(progress._percent_str)s][%(progress.speed)s][%(progress.eta)s]
[%d][%(info.playlist_index)s][%(info.id)s][%(info.title).50s]prog:[%(progress.downloaded_bytes)s/%(progress.total_bytes)s][%(progress._percent_str)s][%(progress.speed)s][%(progress.eta)s]
[%d][%(info.playlist_index)s][%(info.id)s][%(info.title).50s]prog:[%(progress.downloaded_bytes)s/%(progress.total_bytes)s][%(progress._percent_str)s][%(progress.speed)s][%(progress.eta)s]
[%d][%(info.playlist_index)s][%(info.id)s][%(info.title).50s]prog:[%(progress.downloaded_bytes)s/%(progress.total_bytes)s][%(progress._percent_str)s][%(progress.speed)s][%(progress.eta)s]
[%d][%(info.playlist_index)s][%(info.id)s][%(info.title).50s]prog:[%(progress.downloaded_bytes)s/%(progress.total_bytes)s][%(progress._percent_str)s][%(progress.speed)s][%(progress.eta)s]
[%d][%(info.playlist_index)s][%(info.id)s][%(info.title).50s]prog:[%(progress.downloaded_bytes)s/%(progress.total_bytes)s][%(progress._percent_str)s][%(progress.speed)s][%(progress.eta)s]
[Merger] Merging formats into "AWS for the Haters in 100 Seconds [ZzI9JE0i6Lc].webm"
Deleting original file AWS for the Haters in 100 Seconds [ZzI9JE0i6Lc].f251.webm (pass -k to keep)
Deleting original file AWS for the Haters in 100 Seconds [ZzI9JE0i6Lc].f401.mp4 (pass -k to keep)
[download] Downloading item 2 of 4
[youtube] Extracting URL: https://www.youtube.com/watch?v=aXOChLn5ZdQ
[youtube] aXOChLn5ZdQ: Downloading webpage
[youtube] aXOChLn5ZdQ: Downloading tv simply player API JSON
[youtube] aXOChLn5ZdQ: Downloading tv client config
[youtube] aXOChLn5ZdQ: Downloading tv player API JSON
[info] aXOChLn5ZdQ: Downloading 1 format(s): 401+251
[download] Sleeping 4.00 seconds as required by the site...
[download] Destination: JavaScript for the Haters [aXOChLn5ZdQ].f401.mp4
[%d][%(info.playlist_index)s][%(info.id)s][%(info.title).50s]prog:[%(progress.downloaded_bytes)s/%(progress.total_bytes)s][%(progress._percent_str)s][%(progress.speed)s][%(progress.eta)s]
[%d][%(info.playlist_index)s][%(info.id)s][%(info.title).50s]prog:[%(progress.downloaded_bytes)s/%(progress.total_bytes)s][%(progress._percent_str)s][%(progress.speed)s][%(progress.eta)s]
[%d][%(info.playlist_index)s][%(info.id)s][%(info.title).50s]prog:[%(progress.downloaded_bytes)s/%(progress.total_bytes)s][%(progress._percent_str)s][%(progress.speed)s][%(progress.eta)s]
[%d][%(info.playlist_index)s][%(info.id)s][%(info.title).50s]prog:[%(progress.downloaded_bytes)s/%(progress.total_bytes)s][%(progress._percent_str)s][%(progress.speed)s][%(progress.eta)s]
[%d][%(info.playlist_index)s][%(info.id)s][%(info.title).50s]prog:[%(progress.downloaded_bytes)s/%(progress.total_bytes)s][%(progress._percent_str)s][%(progress.speed)s][%(progress.eta)s]
[%d][%(info.playlist_index)s][%(info.id)s][%(info.title).50s]prog:[%(progress.downloaded_bytes)s/%(progress.total_bytes)s][%(progress._percent_str)s][%(progress.speed)s][%(progress.eta)s]
[%d][%(info.playlist_index)s][%(info.id)s][%(info.title).50s]prog:[%(progress.downloaded_bytes)s/%(progress.total_bytes)s][%(progress._percent_str)s][%(progress.speed)s][%(progress.eta)s]
[%d][%(info.playlist_index)s][%(info.id)s][%(info.title).50s]prog:[%(progress.downloaded_bytes)s/%(progress.total_bytes)s][%(progress._percent_str)s][%(progress.speed)s][%(progress.eta)s]
[%d][%(info.playlist_index)s][%(info.id)s][%(info.title).50s]prog:[%(progress.downloaded_bytes)s/%(progress.total_bytes)s][%(progress._percent_str)s][%(progress.speed)s][%(progress.eta)s]
[%d][%(info.playlist_index)s][%(info.id)s][%(info.title).50s]prog:[%(progress.downloaded_bytes)s/%(progress.total_bytes)s][%(progress._percent_str)s][%(progress.speed)s][%(progress.eta)s]
[%d][%(info.playlist_index)s][%(info.id)s][%(info.title).50s]prog:[%(progress.downloaded_bytes)s/%(progress.total_bytes)s][%(progress._percent_str)s][%(progress.speed)s][%(progress.eta)s]
[%d][%(info.playlist_index)s][%(info.id)s][%(info.title).50s]prog:[%(progress.downloaded_bytes)s/%(progress.total_bytes)s][%(progress._percent_str)s][%(progress.speed)s][%(progress.eta)s]
[%d][%(info.playlist_index)s][%(info.id)s][%(info.title).50s]prog:[%(progress.downloaded_bytes)s/%(progress.total_bytes)s][%(progress._percent_str)s][%(progress.speed)s][%(progress.eta)s]
[%d][%(info.playlist_index)s][%(info.id)s][%(info.title).50s]prog:[%(progress.downloaded_bytes)s/%(progress.total_bytes)s][%(progress._percent_str)s][%(progress.speed)s][%(progress.eta)s]
[%d][%(info.playlist_index)s][%(info.id)s][%(info.title).50s]prog:[%(progress.downloaded_bytes)s/%(progress.total_bytes)s][%(progress._percent_str)s][%(progress.speed)s][%(progress.eta)s]
[%d][%(info.playlist_index)s][%(info.id)s][%(info.title).50s]prog:[%(progress.downloaded_bytes)s/%(progress.total_bytes)s][%(progress._percent_str)s][%(progress.speed)s][%(progress.eta)s]
[%d][%(info.playlist_index)s][%(info.id)s][%(info.title).50s]prog:[%(progress.downloaded_bytes)s/%(progress.total_bytes)s][%(progress._percent_str)s][%(progress.speed)s][%(progress.eta)s]
[%d][%(info.playlist_index)s][%(info.id)s][%(info.title).50s]prog:[%(progress.downloaded_bytes)s/%(progress.total_bytes)s][%(progress._percent_str)s][%(progress.speed)s][%(progress.eta)s]
[%d][%(info.playlist_index)s][%(info.id)s][%(info.title).50s]prog:[%(progress.downloaded_bytes)s/%(progress.total_bytes)s][%(progress._percent_str)s][%(progress.speed)s][%(progress.eta)s]
[%d][%(info.playlist_index)s][%(info.id)s][%(info.title).50s]prog:[%(progress.downloaded_bytes)s/%(progress.total_bytes)s][%(progress._percent_str)s][%(progress.speed)s][%(progress.eta)s]
[%d][%(info.playlist_index)s][%(info.id)s][%(info.title).50s]prog:[%(progress.downloaded_bytes)s/%(progress.total_bytes)s][%(progress._percent_str)s][%(progress.speed)s][%(progress.eta)s]
[%d][%(info.playlist_index)s][%(info.id)s][%(info.title).50s]prog:[%(progress.downloaded_bytes)s/%(progress.total_bytes)s][%(progress._percent_str)s][%(progress.speed)s][%(progress.eta)s]
[%d][%(info.playlist_index)s][%(info.id)s][%(info.title).50s]prog:[%(progress.downloaded_bytes)s/%(progress.total_bytes)s][%(progress._percent_str)s][%(progress.speed)s][%(progress.eta)s]
[%d][%(info.playlist_index)s][%(info.id)s][%(info.title).50s]prog:[%(progress.downloaded_bytes)s/%(progress.total_bytes)s][%(progress._percent_str)s][%(progress.speed)s][%(progress.eta)s]
[%d][%(info.playlist_index)s][%(info.id)s][%(info.title).50s]prog:[%(progress.downloaded_bytes)s/%(progress.total_bytes)s][%(progress._percent_str)s][%(progress.speed)s][%(progress.eta)s]
[%d][%(info.playlist_index)s][%(info.id)s][%(info.title).50s]prog:[%(progress.downloaded_bytes)s/%(progress.total_bytes)s][%(progress._percent_str)s][%(progress.speed)s][%(progress.eta)s]
[%d][%(info.playlist_index)s][%(info.id)s][%(info.title).50s]prog:[%(progress.downloaded_bytes)s/%(progress.total_bytes)s][%(progress._percent_str)s][%(progress.speed)s][%(progress.eta)s]
[%d][%(info.playlist_index)s][%(info.id)s][%(info.title).50s]prog:[%(progress.downloaded_bytes)s/%(progress.total_bytes)s][%(progress._percent_str)s][%(progress.speed)s][%(progress.eta)s]
[%d][%(info.playlist_index)s][%(info.id)s][%(info.title).50s]prog:[%(progress.downloaded_bytes)s/%(progress.total_bytes)s][%(progress._percent_str)s][%(progress.speed)s][%(progress.eta)s]
[%d][%(info.playlist_index)s][%(info.id)s][%(info.title).50s]prog:[%(progress.downloaded_bytes)s/%(progress.total_bytes)s][%(progress._percent_str)s][%(progress.speed)s][%(progress.eta)s]
[%d][%(info.playlist_index)s][%(info.id)s][%(info.title).50s]prog:[%(progress.downloaded_bytes)s/%(progress.total_bytes)s][%(progress._percent_str)s][%(progress.speed)s][%(progress.eta)s]
[%d][%(info.playlist_index)s][%(info.id)s][%(info.title).50s]prog:[%(progress.downloaded_bytes)s/%(progress.total_bytes)s][%(progress._percent_str)s][%(progress.speed)s][%(progress.eta)s]
[%d][%(info.playlist_index)s][%(info.id)s][%(info.title).50s]prog:[%(progress.downloaded_bytes)s/%(progress.total_bytes)s][%(progress._percent_str)s][%(progress.speed)s][%(progress.eta)s]
[%d][%(info.playlist_index)s][%(info.id)s][%(info.title).50s]prog:[%(progress.downloaded_bytes)s/%(progress.total_bytes)s][%(progress._percent_str)s][%(progress.speed)s][%(progress.eta)s]
[%d][%(info.playlist_index)s][%(info.id)s][%(info.title).50s]prog:[%(progress.downloaded_bytes)s/%(progress.total_bytes)s][%(progress._percent_str)s][%(progress.speed)s][%(progress.eta)s]
[%d][%(info.playlist_index)s][%(info.id)s][%(info.title).50s]prog:[%(progress.downloaded_bytes)s/%(progress.total_bytes)s][%(progress._percent_str)s][%(progress.speed)s][%(progress.eta)s]
[%d][%(info.playlist_index)s][%(info.id)s][%(info.title).50s]prog:[%(progress.downloaded_bytes)s/%(progress.total_bytes)s][%(progress._percent_str)s][%(progress.speed)s][%(progress.eta)s]
[%d][%(info.playlist_index)s][%(info.id)s][%(info.title).50s]prog:[%(progress.downloaded_bytes)s/%(progress.total_bytes)s][%(progress._percent_str)s][%(progress.speed)s][%(progress.eta)s]
[%d][%(info.playlist_index)s][%(info.id)s][%(info.title).50s]prog:[%(progress.downloaded_bytes)s/%(progress.total_bytes)s][%(progress._percent_str)s][%(progress.speed)s][%(progress.eta)s]
[%d][%(info.playlist_index)s][%(info.id)s][%(info.title).50s]prog:[%(progress.downloaded_bytes)s/%(progress.total_bytes)s][%(progress._percent_str)s][%(progress.speed)s][%(progress.eta)s]
[%d][%(info.playlist_index)s][%(info.id)s][%(info.title).50s]prog:[%(progress.downloaded_bytes)s/%(progress.total_bytes)s][%(progress._percent_str)s][%(progress.speed)s][%(progress.eta)s]
[%d][%(info.playlist_index)s][%(info.id)s][%(info.title).50s]prog:[%(progress.downloaded_bytes)s/%(progress.total_bytes)s][%(progress._percent_str)s][%(progress.speed)s][%(progress.eta)s]
[%d][%(info.playlist_index)s][%(info.id)s][%(info.title).50s]prog:[%(progress.downloaded_bytes)s/%(progress.total_bytes)s][%(progress._percent_str)s][%(progress.speed)s][%(progress.eta)s]
[%d][%(info.playlist_index)s][%(info.id)s][%(info.title).50s]prog:[%(progress.downloaded_bytes)s/%(progress.total_bytes)s][%(progress._percent_str)s][%(progress.speed)s][%(progress.eta)s]
[%d][%(info.playlist_index)s][%(info.id)s][%(info.title).50s]prog:[%(progress.downloaded_bytes)s/%(progress.total_bytes)s][%(progress._percent_str)s][%(progress.speed)s][%(progress.eta)s]
[%d][%(info.playlist_index)s][%(info.id)s][%(info.title).50s]prog:[%(progress.downloaded_bytes)s/%(progress.total_bytes)s][%(progress._percent_str)s][%(progress.speed)s][%(progress.eta)s]
[%d][%(info.playlist_index)s][%(info.id)s][%(info.title).50s]prog:[%(progress.downloaded_bytes)s/%(progress.total_bytes)s][%(progress._percent_str)s][%(progress.speed)s][%(progress.eta)s]
[%d][%(info.playlist_index)s][%(info.id)s][%(info.title).50s]prog:[%(progress.downloaded_bytes)s/%(progress.total_bytes)s][%(progress._percent_str)s][%(progress.speed)s][%(progress.eta)s]
[%d][%(info.playlist_index)s][%(info.id)s][%(info.title).50s]prog:[%(progress.downloaded_bytes)s/%(progress.total_bytes)s][%(progress._percent_str)s][%(progress.speed)s][%(progress.eta)s]
[%d][%(info.playlist_index)s][%(info.id)s][%(info.title).50s]prog:[%(progress.downloaded_bytes)s/%(progress.total_bytes)s][%(progress._percent_str)s][%(progress.speed)s][%(progress.eta)s]
[%d][%(info.playlist_index)s][%(info.id)s][%(info.title).50s]prog:[%(progress.downloaded_bytes)s/%(progress.total_bytes)s][%(progress._percent_str)s][%(progress.speed)s][%(progress.eta)s]
[%d][%(info.playlist_index)s][%(info.id)s][%(info.title).50s]prog:[%(progress.downloaded_bytes)s/%(progress.total_bytes)s][%(progress._percent_str)s][%(progress.speed)s][%(progress.eta)s]
[%d][%(info.playlist_index)s][%(info.id)s][%(info.title).50s]prog:[%(progress.downloaded_bytes)s/%(progress.total_bytes)s][%(progress._percent_str)s][%(progress.speed)s][%(progress.eta)s]
[%d][%(info.playlist_index)s][%(info.id)s][%(info.title).50s]prog:[%(progress.downloaded_bytes)s/%(progress.total_bytes)s][%(progress._percent_str)s][%(progress.speed)s][%(progress.eta)s]
[%d][%(info.playlist_index)s][%(info.id)s][%(info.title).50s]prog:[%(progress.downloaded_bytes)s/%(progress.total_bytes)s][%(progress._percent_str)s][%(progress.speed)s][%(progress.eta)s]
[%d][%(info.playlist_index)s][%(info.id)s][%(info.title).50s]prog:[%(progress.downloaded_bytes)s/%(progress.total_bytes)s][%(progress._percent_str)s][%(progress.speed)s][%(progress.eta)s]
[%d][%(info.playlist_index)s][%(info.id)s][%(info.title).50s]prog:[%(progress.downloaded_bytes)s/%(progress.total_bytes)s][%(progress._percent_str)s][%(progress.speed)s][%(progress.eta)s]
[%d][%(info.playlist_index)s][%(info.id)s][%(info.title).50s]prog:[%(progress.downloaded_bytes)s/%(progress.total_bytes)s][%(progress._percent_str)s][%(progress.speed)s][%(progress.eta)s]
[%d][%(info.playlist_index)s][%(info.id)s][%(info.title).50s]prog:[%(progress.downloaded_bytes)s/%(progress.total_bytes)s][%(progress._percent_str)s][%(progress.speed)s][%(progress.eta)s]
[%d][%(info.playlist_index)s][%(info.id)s][%(info.title).50s]prog:[%(progress.downloaded_bytes)s/%(progress.total_bytes)s][%(progress._percent_str)s][%(progress.speed)s][%(progress.eta)s]
[%d][%(info.playlist_index)s][%(info.id)s][%(info.title).50s]prog:[%(progress.downloaded_bytes)s/%(progress.total_bytes)s][%(progress._percent_str)s][%(progress.speed)s][%(progress.eta)s]
[%d][%(info.playlist_index)s][%(info.id)s][%(info.title).50s]prog:[%(progress.downloaded_bytes)s/%(progress.total_bytes)s][%(progress._percent_str)s][%(progress.speed)s][%(progress.eta)s]
[%d][%(info.playlist_index)s][%(info.id)s][%(info.title).50s]prog:[%(progress.downloaded_bytes)s/%(progress.total_bytes)s][%(progress._percent_str)s][%(progress.speed)s][%(progress.eta)s]
[%d][%(info.playlist_index)s][%(info.id)s][%(info.title).50s]prog:[%(progress.downloaded_bytes)s/%(progress.total_bytes)s][%(progress._percent_str)s][%(progress.speed)s][%(progress.eta)s]
[%d][%(info.playlist_index)s][%(info.id)s][%(info.title).50s]prog:[%(progress.downloaded_bytes)s/%(progress.total_bytes)s][%(progress._percent_str)s][%(progress.speed)s][%(progress.eta)s]
[%d][%(info.playlist_index)s][%(info.id)s][%(info.title).50s]prog:[%(progress.downloaded_bytes)s/%(progress.total_bytes)s][%(progress._percent_str)s][%(progress.speed)s][%(progress.eta)s]
[%d][%(info.playlist_index)s][%(info.id)s][%(info.title).50s]prog:[%(progress.downloaded_bytes)s/%(progress.total_bytes)s][%(progress._percent_str)s][%(progress.speed)s][%(progress.eta)s]
[%d][%(info.playlist_index)s][%(info.id)s][%(info.title).50s]prog:[%(progress.downloaded_bytes)s/%(progress.total_bytes)s][%(progress._percent_str)s][%(progress.speed)s][%(progress.eta)s]
[%d][%(info.playlist_index)s][%(info.id)s][%(info.title).50s]prog:[%(progress.downloaded_bytes)s/%(progress.total_bytes)s][%(progress._percent_str)s][%(progress.speed)s][%(progress.eta)s]
[%d][%(info.playlist_index)s][%(info.id)s][%(info.title).50s]prog:[%(progress.downloaded_bytes)s/%(progress.total_bytes)s][%(progress._percent_str)s][%(progress.speed)s][%(progress.eta)s]
[%d][%(info.playlist_index)s][%(info.id)s][%(info.title).50s]prog:[%(progress.downloaded_bytes)s/%(progress.total_bytes)s][%(progress._percent_str)s][%(progress.speed)s][%(progress.eta)s]
[download] Destination: JavaScript for the Haters [aXOChLn5ZdQ].f251.webm
[%d][%(info.playlist_index)s][%(info.id)s][%(info.title).50s]prog:[%(progress.downloaded_bytes)s/%(progress.total_bytes)s][%(progress._percent_str)s][%(progress.speed)s][%(progress.eta)s]
[%d][%(info.playlist_index)s][%(info.id)s][%(info.title).50s]prog:[%(progress.downloaded_bytes)s/%(progress.total_bytes)s][%(progress._percent_str)s][%(progress.speed)s][%(progress.eta)s]
[%d][%(info.playlist_index)s][%(info.id)s][%(info.title).50s]prog:[%(progress.downloaded_bytes)s/%(progress.total_bytes)s][%(progress._percent_str)s][%(progress.speed)s][%(progress.eta)s]
[%d][%(info.playlist_index)s][%(info.id)s][%(info.title).50s]prog:[%(progress.downloaded_bytes)s/%(progress.total_bytes)s][%(progress._percent_str)s][%(progress.speed)s][%(progress.eta)s]
[%d][%(info.playlist_index)s][%(info.id)s][%(info.title).50s]prog:[%(progress.downloaded_bytes)s/%(progress.total_bytes)s][%(progress._percent_str)s][%(progress.speed)s][%(progress.eta)s]
[%d][%(info.playlist_index)s][%(info.id)s][%(info.title).50s]prog:[%(progress.downloaded_bytes)s/%(progress.total_bytes)s][%(progress._percent_str)s][%(progress.speed)s][%(progress.eta)s]
[%d][%(info.playlist_index)s][%(info.id)s][%(info.title).50s]prog:[%(progress.downloaded_bytes)s/%(progress.total_bytes)s][%(progress._percent_str)s][%(progress.speed)s][%(progress.eta)s]
[%d][%(info.playlist_index)s][%(info.id)s][%(info.title).50s]prog:[%(progress.downloaded_bytes)s/%(progress.total_bytes)s][%(progress._percent_str)s][%(progress.speed)s][%(progress.eta)s]
[%d][%(info.playlist_index)s][%(info.id)s][%(info.title).50s]prog:[%(progress.downloaded_bytes)s/%(progress.total_bytes)s][%(progress._percent_str)s][%(progress.speed)s][%(progress.eta)s]
[%d][%(info.playlist_index)s][%(info.id)s][%(info.title).50s]prog:[%(progress.downloaded_bytes)s/%(progress.total_bytes)s][%(progress._percent_str)s][%(progress.speed)s][%(progress.eta)s]
[%d][%(info.playlist_index)s][%(info.id)s][%(info.title).50s]prog:[%(progress.downloaded_bytes)s/%(progress.total_bytes)s][%(progress._percent_str)s][%(progress.speed)s][%(progress.eta)s]
[%d][%(info.playlist_index)s][%(info.id)s][%(info.title).50s]prog:[%(progress.downloaded_bytes)s/%(progress.total_bytes)s][%(progress._percent_str)s][%(progress.speed)s][%(progress.eta)s]
[%d][%(info.playlist_index)s][%(info.id)s][%(info.title).50s]prog:[%(progress.downloaded_bytes)s/%(progress.total_bytes)s][%(progress._percent_str)s][%(progress.speed)s][%(progress.eta)s]
[Merger] Merging formats into "JavaScript for the Haters [aXOChLn5ZdQ].webm"
Deleting original file JavaScript for the Haters [aXOChLn5ZdQ].f251.webm (pass -k to keep)
Deleting original file JavaScript for the Haters [aXOChLn5ZdQ].f401.mp4 (pass -k to keep)
[download] Downloading item 3 of 4
[youtube] Extracting URL: https://www.youtube.com/watch?v=HyWYpM_S-2c
[youtube] HyWYpM_S-2c: Downloading webpage
[youtube] HyWYpM_S-2c: Downloading tv simply player API JSON
[youtube] HyWYpM_S-2c: Downloading tv client config
[youtube] HyWYpM_S-2c: Downloading tv player API JSON
[info] HyWYpM_S-2c: Downloading 1 format(s): 401+251
[download] Sleeping 4.00 seconds as required by the site...
[download] Destination: React for the Haters in 100 Seconds [HyWYpM_S-2c].f401.mp4
[%d][%(info.playlist_index)s][%(info.id)s][%(info.title).50s]prog:[%(progress.downloaded_bytes)s/%(progress.total_bytes)s][%(progress._percent_str)s][%(progress.speed)s][%(progress.eta)s]
[%d][%(info.playlist_index)s][%(info.id)s][%(info.title).50s]prog:[%(progress.downloaded_bytes)s/%(progress.total_bytes)s][%(progress._percent_str)s][%(progress.speed)s][%(progress.eta)s]
[%d][%(info.playlist_index)s][%(info.id)s][%(info.title).50s]prog:[%(progress.downloaded_bytes)s/%(progress.total_bytes)s][%(progress._percent_str)s][%(progress.speed)s][%(progress.eta)s]
[%d][%(info.playlist_index)s][%(info.id)s][%(info.title).50s]prog:[%(progress.downloaded_bytes)s/%(progress.total_bytes)s][%(progress._percent_str)s][%(progress.speed)s][%(progress.eta)s]
[%d][%(info.playlist_index)s][%(info.id)s][%(info.title).50s]prog:[%(progress.downloaded_bytes)s/%(progress.total_bytes)s][%(progress._percent_str)s][%(progress.speed)s][%(progress.eta)s]
[%d][%(info.playlist_index)s][%(info.id)s][%(info.title).50s]prog:[%(progress.downloaded_bytes)s/%(progress.total_bytes)s][%(progress._percent_str)s][%(progress.speed)s][%(progress.eta)s]
[%d][%(info.playlist_index)s][%(info.id)s][%(info.title).50s]prog:[%(progress.downloaded_bytes)s/%(progress.total_bytes)s][%(progress._percent_str)s][%(progress.speed)s][%(progress.eta)s]
[%d][%(info.playlist_index)s][%(info.id)s][%(info.title).50s]prog:[%(progress.downloaded_bytes)s/%(progress.total_bytes)s][%(progress._percent_str)s][%(progress.speed)s][%(progress.eta)s]
[%d][%(info.playlist_index)s][%(info.id)s][%(info.title).50s]prog:[%(progress.downloaded_bytes)s/%(progress.total_bytes)s][%(progress._percent_str)s][%(progress.speed)s][%(progress.eta)s]
[%d][%(info.playlist_index)s][%(info.id)s][%(info.title).50s]prog:[%(progress.downloaded_bytes)s/%(progress.total_bytes)s][%(progress._percent_str)s][%(progress.speed)s][%(progress.eta)s]
[%d][%(info.playlist_index)s][%(info.id)s][%(info.title).50s]prog:[%(progress.downloaded_bytes)s/%(progress.total_bytes)s][%(progress._percent_str)s][%(progress.speed)s][%(progress.eta)s]
[%d][%(info.playlist_index)s][%(info.id)s][%(info.title).50s]prog:[%(progress.downloaded_bytes)s/%(progress.total_bytes)s][%(progress._percent_str)s][%(progress.speed)s][%(progress.eta)s]
[%d][%(info.playlist_index)s][%(info.id)s][%(info.title).50s]prog:[%(progress.downloaded_bytes)s/%(progress.total_bytes)s][%(progress._percent_str)s][%(progress.speed)s][%(progress.eta)s]
[%d][%(info.playlist_index)s][%(info.id)s][%(info.title).50s]prog:[%(progress.downloaded_bytes)s/%(progress.total_bytes)s][%(progress._percent_str)s][%(progress.speed)s][%(progress.eta)s]
[%d][%(info.playlist_index)s][%(info.id)s][%(info.title).50s]prog:[%(progress.downloaded_bytes)s/%(progress.total_bytes)s][%(progress._percent_str)s][%(progress.speed)s][%(progress.eta)s]
[%d][%(info.playlist_index)s][%(info.id)s][%(info.title).50s]prog:[%(progress.downloaded_bytes)s/%(progress.total_bytes)s][%(progress._percent_str)s][%(progress.speed)s][%(progress.eta)s]
[%d][%(info.playlist_index)s][%(info.id)s][%(info.title).50s]prog:[%(progress.downloaded_bytes)s/%(progress.total_bytes)s][%(progress._percent_str)s][%(progress.speed)s][%(progress.eta)s]
[%d][%(info.playlist_index)s][%(info.id)s][%(info.title).50s]prog:[%(progress.downloaded_bytes)s/%(progress.total_bytes)s][%(progress._percent_str)s][%(progress.speed)s][%(progress.eta)s]
[%d][%(info.playlist_index)s][%(info.id)s][%(info.title).50s]prog:[%(progress.downloaded_bytes)s/%(progress.total_bytes)s][%(progress._percent_str)s][%(progress.speed)s][%(progress.eta)s]
[%d][%(info.playlist_index)s][%(info.id)s][%(info.title).50s]prog:[%(progress.downloaded_bytes)s/%(progress.total_bytes)s][%(progress._percent_str)s][%(progress.speed)s][%(progress.eta)s]
[%d][%(info.playlist_index)s][%(info.id)s][%(info.title).50s]prog:[%(progress.downloaded_bytes)s/%(progress.total_bytes)s][%(progress._percent_str)s][%(progress.speed)s][%(progress.eta)s]
[%d][%(info.playlist_index)s][%(info.id)s][%(info.title).50s]prog:[%(progress.downloaded_bytes)s/%(progress.total_bytes)s][%(progress._percent_str)s][%(progress.speed)s][%(progress.eta)s]
[%d][%(info.playlist_index)s][%(info.id)s][%(info.title).50s]prog:[%(progress.downloaded_bytes)s/%(progress.total_bytes)s][%(progress._percent_str)s][%(progress.speed)s][%(progress.eta)s]
[%d][%(info.playlist_index)s][%(info.id)s][%(info.title).50s]prog:[%(progress.downloaded_bytes)s/%(progress.total_bytes)s][%(progress._percent_str)s][%(progress.speed)s][%(progress.eta)s]
[%d][%(info.playlist_index)s][%(info.id)s][%(info.title).50s]prog:[%(progress.downloaded_bytes)s/%(progress.total_bytes)s][%(progress._percent_str)s][%(progress.speed)s][%(progress.eta)s]
[%d][%(info.playlist_index)s][%(info.id)s][%(info.title).50s]prog:[%(progress.downloaded_bytes)s/%(progress.total_bytes)s][%(progress._percent_str)s][%(progress.speed)s][%(progress.eta)s]
[%d][%(info.playlist_index)s][%(info.id)s][%(info.title).50s]prog:[%(progress.downloaded_bytes)s/%(progress.total_bytes)s][%(progress._percent_str)s][%(progress.speed)s][%(progress.eta)s]
[%d][%(info.playlist_index)s][%(info.id)s][%(info.title).50s]prog:[%(progress.downloaded_bytes)s/%(progress.total_bytes)s][%(progress._percent_str)s][%(progress.speed)s][%(progress.eta)s]
[%d][%(info.playlist_index)s][%(info.id)s][%(info.title).50s]prog:[%(progress.downloaded_bytes)s/%(progress.total_bytes)s][%(progress._percent_str)s][%(progress.speed)s][%(progress.eta)s]
[%d][%(info.playlist_index)s][%(info.id)s][%(info.title).50s]prog:[%(progress.downloaded_bytes)s/%(progress.total_bytes)s][%(progress._percent_str)s][%(progress.speed)s][%(progress.eta)s]
[%d][%(info.playlist_index)s][%(info.id)s][%(info.title).50s]prog:[%(progress.downloaded_bytes)s/%(progress.total_bytes)s][%(progress._percent_str)s][%(progress.speed)s][%(progress.eta)s]
[%d][%(info.playlist_index)s][%(info.id)s][%(info.title).50s]prog:[%(progress.downloaded_bytes)s/%(progress.total_bytes)s][%(progress._percent_str)s][%(progress.speed)s][%(progress.eta)s]
[%d][%(info.playlist_index)s][%(info.id)s][%(info.title).50s]prog:[%(progress.downloaded_bytes)s/%(progress.total_bytes)s][%(progress._percent_str)s][%(progress.speed)s][%(progress.eta)s]
[%d][%(info.playlist_index)s][%(info.id)s][%(info.title).50s]prog:[%(progress.downloaded_bytes)s/%(progress.total_bytes)s][%(progress._percent_str)s][%(progress.speed)s][%(progress.eta)s]
[%d][%(info.playlist_index)s][%(info.id)s][%(info.title).50s]prog:[%(progress.downloaded_bytes)s/%(progress.total_bytes)s][%(progress._percent_str)s][%(progress.speed)s][%(progress.eta)s]
[%d][%(info.playlist_index)s][%(info.id)s][%(info.title).50s]prog:[%(progress.downloaded_bytes)s/%(progress.total_bytes)s][%(progress._percent_str)s][%(progress.speed)s][%(progress.eta)s]
[%d][%(info.playlist_index)s][%(info.id)s][%(info.title).50s]prog:[%(progress.downloaded_bytes)s/%(progress.total_bytes)s][%(progress._percent_str)s][%(progress.speed)s][%(progress.eta)s]
[%d][%(info.playlist_index)s][%(info.id)s][%(info.title).50s]prog:[%(progress.downloaded_bytes)s/%(progress.total_bytes)s][%(progress._percent_str)s][%(progress.speed)s][%(progress.eta)s]
[%d][%(info.playlist_index)s][%(info.id)s][%(info.title).50s]prog:[%(progress.downloaded_bytes)s/%(progress.total_bytes)s][%(progress._percent_str)s][%(progress.speed)s][%(progress.eta)s]
[%d][%(info.playlist_index)s][%(info.id)s][%(info.title).50s]prog:[%(progress.downloaded_bytes)s/%(progress.total_bytes)s][%(progress._percent_str)s][%(progress.speed)s][%(progress.eta)s]
[%d][%(info.playlist_index)s][%(info.id)s][%(info.title).50s]prog:[%(progress.downloaded_bytes)s/%(progress.total_bytes)s][%(progress._percent_str)s][%(progress.speed)s][%(progress.eta)s]
[%d][%(info.playlist_index)s][%(info.id)s][%(info.title).50s]prog:[%(progress.downloaded_bytes)s/%(progress.total_bytes)s][%(progress._percent_str)s][%(progress.speed)s][%(progress.eta)s]
[%d][%(info.playlist_index)s][%(info.id)s][%(info.title).50s]prog:[%(progress.downloaded_bytes)s/%(progress.total_bytes)s][%(progress._percent_str)s][%(progress.speed)s][%(progress.eta)s]
[%d][%(info.playlist_index)s][%(info.id)s][%(info.title).50s]prog:[%(progress.downloaded_bytes)s/%(progress.total_bytes)s][%(progress._percent_str)s][%(progress.speed)s][%(progress.eta)s]
[%d][%(info.playlist_index)s][%(info.id)s][%(info.title).50s]prog:[%(progress.downloaded_bytes)s/%(progress.total_bytes)s][%(progress._percent_str)s][%(progress.speed)s][%(progress.eta)s]
[%d][%(info.playlist_index)s][%(info.id)s][%(info.title).50s]prog:[%(progress.downloaded_bytes)s/%(progress.total_bytes)s][%(progress._percent_str)s][%(progress.speed)s][%(progress.eta)s]
[%d][%(info.playlist_index)s][%(info.id)s][%(info.title).50s]prog:[%(progress.downloaded_bytes)s/%(progress.total_bytes)s][%(progress._percent_str)s][%(progress.speed)s][%(progress.eta)s]
[%d][%(info.playlist_index)s][%(info.id)s][%(info.title).50s]prog:[%(progress.downloaded_bytes)s/%(progress.total_bytes)s][%(progress._percent_str)s][%(progress.speed)s][%(progress.eta)s]
[%d][%(info.playlist_index)s][%(info.id)s][%(info.title).50s]prog:[%(progress.downloaded_bytes)s/%(progress.total_bytes)s][%(progress._percent_str)s][%(progress.speed)s][%(progress.eta)s]
[%d][%(info.playlist_index)s][%(info.id)s][%(info.title).50s]prog:[%(progress.downloaded_bytes)s/%(progress.total_bytes)s][%(progress._percent_str)s][%(progress.speed)s][%(progress.eta)s]
[%d][%(info.playlist_index)s][%(info.id)s][%(info.title).50s]prog:[%(progress.downloaded_bytes)s/%(progress.total_bytes)s][%(progress._percent_str)s][%(progress.speed)s][%(progress.eta)s]
[%d][%(info.playlist_index)s][%(info.id)s][%(info.title).50s]prog:[%(progress.downloaded_bytes)s/%(progress.total_bytes)s][%(progress._percent_str)s][%(progress.speed)s][%(progress.eta)s]
[%d][%(info.playlist_index)s][%(info.id)s][%(info.title).50s]prog:[%(progress.downloaded_bytes)s/%(progress.total_bytes)s][%(progress._percent_str)s][%(progress.speed)s][%(progress.eta)s]
[%d][%(info.playlist_index)s][%(info.id)s][%(info.title).50s]prog:[%(progress.downloaded_bytes)s/%(progress.total_bytes)s][%(progress._percent_str)s][%(progress.speed)s][%(progress.eta)s]
[%d][%(info.playlist_index)s][%(info.id)s][%(info.title).50s]prog:[%(progress.downloaded_bytes)s/%(progress.total_bytes)s][%(progress._percent_str)s][%(progress.speed)s][%(progress.eta)s]
[%d][%(info.playlist_index)s][%(info.id)s][%(info.title).50s]prog:[%(progress.downloaded_bytes)s/%(progress.total_bytes)s][%(progress._percent_str)s][%(progress.speed)s][%(progress.eta)s]
[%d][%(info.playlist_index)s][%(info.id)s][%(info.title).50s]prog:[%(progress.downloaded_bytes)s/%(progress.total_bytes)s][%(progress._percent_str)s][%(progress.speed)s][%(progress.eta)s]
[%d][%(info.playlist_index)s][%(info.id)s][%(info.title).50s]prog:[%(progress.downloaded_bytes)s/%(progress.total_bytes)s][%(progress._percent_str)s][%(progress.speed)s][%(progress.eta)s]
[%d][%(info.playlist_index)s][%(info.id)s][%(info.title).50s]prog:[%(progress.downloaded_bytes)s/%(progress.total_bytes)s][%(progress._percent_str)s][%(progress.speed)s][%(progress.eta)s]
[%d][%(info.playlist_index)s][%(info.id)s][%(info.title).50s]prog:[%(progress.downloaded_bytes)s/%(progress.total_bytes)s][%(progress._percent_str)s][%(progress.speed)s][%(progress.eta)s]
[%d][%(info.playlist_index)s][%(info.id)s][%(info.title).50s]prog:[%(progress.downloaded_bytes)s/%(progress.total_bytes)s][%(progress._percent_str)s][%(progress.speed)s][%(progress.eta)s]
[%d][%(info.playlist_index)s][%(info.id)s][%(info.title).50s]prog:[%(progress.downloaded_bytes)s/%(progress.total_bytes)s][%(progress._percent_str)s][%(progress.speed)s][%(progress.eta)s]
[%d][%(info.playlist_index)s][%(info.id)s][%(info.title).50s]prog:[%(progress.downloaded_bytes)s/%(progress.total_bytes)s][%(progress._percent_str)s][%(progress.speed)s][%(progress.eta)s]
[%d][%(info.playlist_index)s][%(info.id)s][%(info.title).50s]prog:[%(progress.downloaded_bytes)s/%(progress.total_bytes)s][%(progress._percent_str)s][%(progress.speed)s][%(progress.eta)s]
[%d][%(info.playlist_index)s][%(info.id)s][%(info.title).50s]prog:[%(progress.downloaded_bytes)s/%(progress.total_bytes)s][%(progress._percent_str)s][%(progress.speed)s][%(progress.eta)s]
[%d][%(info.playlist_index)s][%(info.id)s][%(info.title).50s]prog:[%(progress.downloaded_bytes)s/%(progress.total_bytes)s][%(progress._percent_str)s][%(progress.speed)s][%(progress.eta)s]
[%d][%(info.playlist_index)s][%(info.id)s][%(info.title).50s]prog:[%(progress.downloaded_bytes)s/%(progress.total_bytes)s][%(progress._percent_str)s][%(progress.speed)s][%(progress.eta)s]
[%d][%(info.playlist_index)s][%(info.id)s][%(info.title).50s]prog:[%(progress.downloaded_bytes)s/%(progress.total_bytes)s][%(progress._percent_str)s][%(progress.speed)s][%(progress.eta)s]
[%d][%(info.playlist_index)s][%(info.id)s][%(info.title).50s]prog:[%(progress.downloaded_bytes)s/%(progress.total_bytes)s][%(progress._percent_str)s][%(progress.speed)s][%(progress.eta)s]
[%d][%(info.playlist_index)s][%(info.id)s][%(info.title).50s]prog:[%(progress.downloaded_bytes)s/%(progress.total_bytes)s][%(progress._percent_str)s][%(progress.speed)s][%(progress.eta)s]
[download] Destination: React for the Haters in 100 Seconds [HyWYpM_S-2c].f251.webm
[%d][%(info.playlist_index)s][%(info.id)s][%(info.title).50s]prog:[%(progress.downloaded_bytes)s/%(progress.total_bytes)s][%(progress._percent_str)s][%(progress.speed)s][%(progress.eta)s]
[%d][%(info.playlist_index)s][%(info.id)s][%(info.title).50s]prog:[%(progress.downloaded_bytes)s/%(progress.total_bytes)s][%(progress._percent_str)s][%(progress.speed)s][%(progress.eta)s]
[%d][%(info.playlist_index)s][%(info.id)s][%(info.title).50s]prog:[%(progress.downloaded_bytes)s/%(progress.total_bytes)s][%(progress._percent_str)s][%(progress.speed)s][%(progress.eta)s]
[%d][%(info.playlist_index)s][%(info.id)s][%(info.title).50s]prog:[%(progress.downloaded_bytes)s/%(progress.total_bytes)s][%(progress._percent_str)s][%(progress.speed)s][%(progress.eta)s]
[%d][%(info.playlist_index)s][%(info.id)s][%(info.title).50s]prog:[%(progress.downloaded_bytes)s/%(progress.total_bytes)s][%(progress._percent_str)s][%(progress.speed)s][%(progress.eta)s]
[%d][%(info.playlist_index)s][%(info.id)s][%(info.title).50s]prog:[%(progress.downloaded_bytes)s/%(progress.total_bytes)s][%(progress._percent_str)s][%(progress.speed)s][%(progress.eta)s]
[%d][%(info.playlist_index)s][%(info.id)s][%(info.title).50s]prog:[%(progress.downloaded_bytes)s/%(progress.total_bytes)s][%(progress._percent_str)s][%(progress.speed)s][%(progress.eta)s]
[%d][%(info.playlist_index)s][%(info.id)s][%(info.title).50s]prog:[%(progress.downloaded_bytes)s/%(progress.total_bytes)s][%(progress._percent_str)s][%(progress.speed)s][%(progress.eta)s]
[%d][%(info.playlist_index)s][%(info.id)s][%(info.title).50s]prog:[%(progress.downloaded_bytes)s/%(progress.total_bytes)s][%(progress._percent_str)s][%(progress.speed)s][%(progress.eta)s]
[%d][%(info.playlist_index)s][%(info.id)s][%(info.title).50s]prog:[%(progress.downloaded_bytes)s/%(progress.total_bytes)s][%(progress._percent_str)s][%(progress.speed)s][%(progress.eta)s]
[%d][%(info.playlist_index)s][%(info.id)s][%(info.title).50s]prog:[%(progress.downloaded_bytes)s/%(progress.total_bytes)s][%(progress._percent_str)s][%(progress.speed)s][%(progress.eta)s]
[%d][%(info.playlist_index)s][%(info.id)s][%(info.title).50s]prog:[%(progress.downloaded_bytes)s/%(progress.total_bytes)s][%(progress._percent_str)s][%(progress.speed)s][%(progress.eta)s]
[%d][%(info.playlist_index)s][%(info.id)s][%(info.title).50s]prog:[%(progress.downloaded_bytes)s/%(progress.total_bytes)s][%(progress._percent_str)s][%(progress.speed)s][%(progress.eta)s]
[Merger] Merging formats into "React for the Haters in 100 Seconds [HyWYpM_S-2c].webm"
Deleting original file React for the Haters in 100 Seconds [HyWYpM_S-2c].f251.webm (pass -k to keep)
Deleting original file React for the Haters in 100 Seconds [HyWYpM_S-2c].f401.mp4 (pass -k to keep)
[download] Downloading item 4 of 4
[youtube] Extracting URL: https://www.youtube.com/watch?v=m4-HM_sCvtQ
[youtube] m4-HM_sCvtQ: Downloading webpage
[youtube] m4-HM_sCvtQ: Downloading tv simply player API JSON
[youtube] m4-HM_sCvtQ: Downloading tv client config
[youtube] m4-HM_sCvtQ: Downloading tv player API JSON
[info] m4-HM_sCvtQ: Downloading 1 format(s): 401+251
[download] Sleeping 5.00 seconds as required by the site...
[download] Destination: Java for the Haters in 100 Seconds [m4-HM_sCvtQ].f401.mp4
[%d][%(info.playlist_index)s][%(info.id)s][%(info.title).50s]prog:[%(progress.downloaded_bytes)s/%(progress.total_bytes)s][%(progress._percent_str)s][%(progress.speed)s][%(progress.eta)s]
[%d][%(info.playlist_index)s][%(info.id)s][%(info.title).50s]prog:[%(progress.downloaded_bytes)s/%(progress.total_bytes)s][%(progress._percent_str)s][%(progress.speed)s][%(progress.eta)s]
[%d][%(info.playlist_index)s][%(info.id)s][%(info.title).50s]prog:[%(progress.downloaded_bytes)s/%(progress.total_bytes)s][%(progress._percent_str)s][%(progress.speed)s][%(progress.eta)s]
[%d][%(info.playlist_index)s][%(info.id)s][%(info.title).50s]prog:[%(progress.downloaded_bytes)s/%(progress.total_bytes)s][%(progress._percent_str)s][%(progress.speed)s][%(progress.eta)s]
[%d][%(info.playlist_index)s][%(info.id)s][%(info.title).50s]prog:[%(progress.downloaded_bytes)s/%(progress.total_bytes)s][%(progress._percent_str)s][%(progress.speed)s][%(progress.eta)s]
[%d][%(info.playlist_index)s][%(info.id)s][%(info.title).50s]prog:[%(progress.downloaded_bytes)s/%(progress.total_bytes)s][%(progress._percent_str)s][%(progress.speed)s][%(progress.eta)s]
[%d][%(info.playlist_index)s][%(info.id)s][%(info.title).50s]prog:[%(progress.downloaded_bytes)s/%(progress.total_bytes)s][%(progress._percent_str)s][%(progress.speed)s][%(progress.eta)s]
[%d][%(info.playlist_index)s][%(info.id)s][%(info.title).50s]prog:[%(progress.downloaded_bytes)s/%(progress.total_bytes)s][%(progress._percent_str)s][%(progress.speed)s][%(progress.eta)s]
[%d][%(info.playlist_index)s][%(info.id)s][%(info.title).50s]prog:[%(progress.downloaded_bytes)s/%(progress.total_bytes)s][%(progress._percent_str)s][%(progress.speed)s][%(progress.eta)s]
[%d][%(info.playlist_index)s][%(info.id)s][%(info.title).50s]prog:[%(progress.downloaded_bytes)s/%(progress.total_bytes)s][%(progress._percent_str)s][%(progress.speed)s][%(progress.eta)s]
[%d][%(info.playlist_index)s][%(info.id)s][%(info.title).50s]prog:[%(progress.downloaded_bytes)s/%(progress.total_bytes)s][%(progress._percent_str)s][%(progress.speed)s][%(progress.eta)s]
[%d][%(info.playlist_index)s][%(info.id)s][%(info.title).50s]prog:[%(progress.downloaded_bytes)s/%(progress.total_bytes)s][%(progress._percent_str)s][%(progress.speed)s][%(progress.eta)s]
[%d][%(info.playlist_index)s][%(info.id)s][%(info.title).50s]prog:[%(progress.downloaded_bytes)s/%(progress.total_bytes)s][%(progress._percent_str)s][%(progress.speed)s][%(progress.eta)s]
[%d][%(info.playlist_index)s][%(info.id)s][%(info.title).50s]prog:[%(progress.downloaded_bytes)s/%(progress.total_bytes)s][%(progress._percent_str)s][%(progress.speed)s][%(progress.eta)s]
[%d][%(info.playlist_index)s][%(info.id)s][%(info.title).50s]prog:[%(progress.downloaded_bytes)s/%(progress.total_bytes)s][%(progress._percent_str)s][%(progress.speed)s][%(progress.eta)s]
[%d][%(info.playlist_index)s][%(info.id)s][%(info.title).50s]prog:[%(progress.downloaded_bytes)s/%(progress.total_bytes)s][%(progress._percent_str)s][%(progress.speed)s][%(progress.eta)s]
[%d][%(info.playlist_index)s][%(info.id)s][%(info.title).50s]prog:[%(progress.downloaded_bytes)s/%(progress.total_bytes)s][%(progress._percent_str)s][%(progress.speed)s][%(progress.eta)s]
[%d][%(info.playlist_index)s][%(info.id)s][%(info.title).50s]prog:[%(progress.downloaded_bytes)s/%(progress.total_bytes)s][%(progress._percent_str)s][%(progress.speed)s][%(progress.eta)s]
[%d][%(info.playlist_index)s][%(info.id)s][%(info.title).50s]prog:[%(progress.downloaded_bytes)s/%(progress.total_bytes)s][%(progress._percent_str)s][%(progress.speed)s][%(progress.eta)s]
[%d][%(info.playlist_index)s][%(info.id)s][%(info.title).50s]prog:[%(progress.downloaded_bytes)s/%(progress.total_bytes)s][%(progress._percent_str)s][%(progress.speed)s][%(progress.eta)s]
[%d][%(info.playlist_index)s][%(info.id)s][%(info.title).50s]prog:[%(progress.downloaded_bytes)s/%(progress.total_bytes)s][%(progress._percent_str)s][%(progress.speed)s][%(progress.eta)s]
[%d][%(info.playlist_index)s][%(info.id)s][%(info.title).50s]prog:[%(progress.downloaded_bytes)s/%(progress.total_bytes)s][%(progress._percent_str)s][%(progress.speed)s][%(progress.eta)s]
[%d][%(info.playlist_index)s][%(info.id)s][%(info.title).50s]prog:[%(progress.downloaded_bytes)s/%(progress.total_bytes)s][%(progress._percent_str)s][%(progress.speed)s][%(progress.eta)s]
[%d][%(info.playlist_index)s][%(info.id)s][%(info.title).50s]prog:[%(progress.downloaded_bytes)s/%(progress.total_bytes)s][%(progress._percent_str)s][%(progress.speed)s][%(progress.eta)s]
[%d][%(info.playlist_index)s][%(info.id)s][%(info.title).50s]prog:[%(progress.downloaded_bytes)s/%(progress.total_bytes)s][%(progress._percent_str)s][%(progress.speed)s][%(progress.eta)s]
[%d][%(info.playlist_index)s][%(info.id)s][%(info.title).50s]prog:[%(progress.downloaded_bytes)s/%(progress.total_bytes)s][%(progress._percent_str)s][%(progress.speed)s][%(progress.eta)s]
[%d][%(info.playlist_index)s][%(info.id)s][%(info.title).50s]prog:[%(progress.downloaded_bytes)s/%(progress.total_bytes)s][%(progress._percent_str)s][%(progress.speed)s][%(progress.eta)s]
[%d][%(info.playlist_index)s][%(info.id)s][%(info.title).50s]prog:[%(progress.downloaded_bytes)s/%(progress.total_bytes)s][%(progress._percent_str)s][%(progress.speed)s][%(progress.eta)s]
[%d][%(info.playlist_index)s][%(info.id)s][%(info.title).50s]prog:[%(progress.downloaded_bytes)s/%(progress.total_bytes)s][%(progress._percent_str)s][%(progress.speed)s][%(progress.eta)s]
[%d][%(info.playlist_index)s][%(info.id)s][%(info.title).50s]prog:[%(progress.downloaded_bytes)s/%(progress.total_bytes)s][%(progress._percent_str)s][%(progress.speed)s][%(progress.eta)s]
[%d][%(info.playlist_index)s][%(info.id)s][%(info.title).50s]prog:[%(progress.downloaded_bytes)s/%(progress.total_bytes)s][%(progress._percent_str)s][%(progress.speed)s][%(progress.eta)s]
[%d][%(info.playlist_index)s][%(info.id)s][%(info.title).50s]prog:[%(progress.downloaded_bytes)s/%(progress.total_bytes)s][%(progress._percent_str)s][%(progress.speed)s][%(progress.eta)s]
[%d][%(info.playlist_index)s][%(info.id)s][%(info.title).50s]prog:[%(progress.downloaded_bytes)s/%(progress.total_bytes)s][%(progress._percent_str)s][%(progress.speed)s][%(progress.eta)s]
[%d][%(info.playlist_index)s][%(info.id)s][%(info.title).50s]prog:[%(progress.downloaded_bytes)s/%(progress.total_bytes)s][%(progress._percent_str)s][%(progress.speed)s][%(progress.eta)s]
[%d][%(info.playlist_index)s][%(info.id)s][%(info.title).50s]prog:[%(progress.downloaded_bytes)s/%(progress.total_bytes)s][%(progress._percent_str)s][%(progress.speed)s][%(progress.eta)s]
[%d][%(info.playlist_index)s][%(info.id)s][%(info.title).50s]prog:[%(progress.downloaded_bytes)s/%(progress.total_bytes)s][%(progress._percent_str)s][%(progress.speed)s][%(progress.eta)s]
[%d][%(info.playlist_index)s][%(info.id)s][%(info.title).50s]prog:[%(progress.downloaded_bytes)s/%(progress.total_bytes)s][%(progress._percent_str)s][%(progress.speed)s][%(progress.eta)s]
[%d][%(info.playlist_index)s][%(info.id)s][%(info.title).50s]prog:[%(progress.downloaded_bytes)s/%(progress.total_bytes)s][%(progress._percent_str)s][%(progress.speed)s][%(progress.eta)s]
[%d][%(info.playlist_index)s][%(info.id)s][%(info.title).50s]prog:[%(progress.downloaded_bytes)s/%(progress.total_bytes)s][%(progress._percent_str)s][%(progress.speed)s][%(progress.eta)s]
[%d][%(info.playlist_index)s][%(info.id)s][%(info.title).50s]prog:[%(progress.downloaded_bytes)s/%(progress.total_bytes)s][%(progress._percent_str)s][%(progress.speed)s][%(progress.eta)s]
[%d][%(info.playlist_index)s][%(info.id)s][%(info.title).50s]prog:[%(progress.downloaded_bytes)s/%(progress.total_bytes)s][%(progress._percent_str)s][%(progress.speed)s][%(progress.eta)s]
[%d][%(info.playlist_index)s][%(info.id)s][%(info.title).50s]prog:[%(progress.downloaded_bytes)s/%(progress.total_bytes)s][%(progress._percent_str)s][%(progress.speed)s][%(progress.eta)s]
[%d][%(info.playlist_index)s][%(info.id)s][%(info.title).50s]prog:[%(progress.downloaded_bytes)s/%(progress.total_bytes)s][%(progress._percent_str)s][%(progress.speed)s][%(progress.eta)s]
[%d][%(info.playlist_index)s][%(info.id)s][%(info.title).50s]prog:[%(progress.downloaded_bytes)s/%(progress.total_bytes)s][%(progress._percent_str)s][%(progress.speed)s][%(progress.eta)s]
[%d][%(info.playlist_index)s][%(info.id)s][%(info.title).50s]prog:[%(progress.downloaded_bytes)s/%(progress.total_bytes)s][%(progress._percent_str)s][%(progress.speed)s][%(progress.eta)s]
[%d][%(info.playlist_index)s][%(info.id)s][%(info.title).50s]prog:[%(progress.downloaded_bytes)s/%(progress.total_bytes)s][%(progress._percent_str)s][%(progress.speed)s][%(progress.eta)s]
[%d][%(info.playlist_index)s][%(info.id)s][%(info.title).50s]prog:[%(progress.downloaded_bytes)s/%(progress.total_bytes)s][%(progress._percent_str)s][%(progress.speed)s][%(progress.eta)s]
[%d][%(info.playlist_index)s][%(info.id)s][%(info.title).50s]prog:[%(progress.downloaded_bytes)s/%(progress.total_bytes)s][%(progress._percent_str)s][%(progress.speed)s][%(progress.eta)s]
[%d][%(info.playlist_index)s][%(info.id)s][%(info.title).50s]prog:[%(progress.downloaded_bytes)s/%(progress.total_bytes)s][%(progress._percent_str)s][%(progress.speed)s][%(progress.eta)s]
[%d][%(info.playlist_index)s][%(info.id)s][%(info.title).50s]prog:[%(progress.downloaded_bytes)s/%(progress.total_bytes)s][%(progress._percent_str)s][%(progress.speed)s][%(progress.eta)s]
[%d][%(info.playlist_index)s][%(info.id)s][%(info.title).50s]prog:[%(progress.downloaded_bytes)s/%(progress.total_bytes)s][%(progress._percent_str)s][%(progress.speed)s][%(progress.eta)s]
[%d][%(info.playlist_index)s][%(info.id)s][%(info.title).50s]prog:[%(progress.downloaded_bytes)s/%(progress.total_bytes)s][%(progress._percent_str)s][%(progress.speed)s][%(progress.eta)s]
[%d][%(info.playlist_index)s][%(info.id)s][%(info.title).50s]prog:[%(progress.downloaded_bytes)s/%(progress.total_bytes)s][%(progress._percent_str)s][%(progress.speed)s][%(progress.eta)s]
[%d][%(info.playlist_index)s][%(info.id)s][%(info.title).50s]prog:[%(progress.downloaded_bytes)s/%(progress.total_bytes)s][%(progress._percent_str)s][%(progress.speed)s][%(progress.eta)s]
[%d][%(info.playlist_index)s][%(info.id)s][%(info.title).50s]prog:[%(progress.downloaded_bytes)s/%(progress.total_bytes)s][%(progress._percent_str)s][%(progress.speed)s][%(progress.eta)s]
[%d][%(info.playlist_index)s][%(info.id)s][%(info.title).50s]prog:[%(progress.downloaded_bytes)s/%(progress.total_bytes)s][%(progress._percent_str)s][%(progress.speed)s][%(progress.eta)s]
[%d][%(info.playlist_index)s][%(info.id)s][%(info.title).50s]prog:[%(progress.downloaded_bytes)s/%(progress.total_bytes)s][%(progress._percent_str)s][%(progress.speed)s][%(progress.eta)s]
[%d][%(info.playlist_index)s][%(info.id)s][%(info.title).50s]prog:[%(progress.downloaded_bytes)s/%(progress.total_bytes)s][%(progress._percent_str)s][%(progress.speed)s][%(progress.eta)s]
[%d][%(info.playlist_index)s][%(info.id)s][%(info.title).50s]prog:[%(progress.downloaded_bytes)s/%(progress.total_bytes)s][%(progress._percent_str)s][%(progress.speed)s][%(progress.eta)s]
[%d][%(info.playlist_index)s][%(info.id)s][%(info.title).50s]prog:[%(progress.downloaded_bytes)s/%(progress.total_bytes)s][%(progress._percent_str)s][%(progress.speed)s][%(progress.eta)s]
[%d][%(info.playlist_index)s][%(info.id)s][%(info.title).50s]prog:[%(progress.downloaded_bytes)s/%(progress.total_bytes)s][%(progress._percent_str)s][%(progress.speed)s][%(progress.eta)s]
[%d][%(info.playlist_index)s][%(info.id)s][%(info.title).50s]prog:[%(progress.downloaded_bytes)s/%(progress.total_bytes)s][%(progress._percent_str)s][%(progress.speed)s][%(progress.eta)s]
[%d][%(info.playlist_index)s][%(info.id)s][%(info.title).50s]prog:[%(progress.downloaded_bytes)s/%(progress.total_bytes)s][%(progress._percent_str)s][%(progress.speed)s][%(progress.eta)s]
[%d][%(info.playlist_index)s][%(info.id)s][%(info.title).50s]prog:[%(progress.downloaded_bytes)s/%(progress.total_bytes)s][%(progress._percent_str)s][%(progress.speed)s][%(progress.eta)s]
[%d][%(info.playlist_index)s][%(info.id)s][%(info.title).50s]prog:[%(progress.downloaded_bytes)s/%(progress.total_bytes)s][%(progress._percent_str)s][%(progress.speed)s][%(progress.eta)s]
[%d][%(info.playlist_index)s][%(info.id)s][%(info.title).50s]prog:[%(progress.downloaded_bytes)s/%(progress.total_bytes)s][%(progress._percent_str)s][%(progress.speed)s][%(progress.eta)s]
[%d][%(info.playlist_index)s][%(info.id)s][%(info.title).50s]prog:[%(progress.downloaded_bytes)s/%(progress.total_bytes)s][%(progress._percent_str)s][%(progress.speed)s][%(progress.eta)s]
[%d][%(info.playlist_index)s][%(info.id)s][%(info.title).50s]prog:[%(progress.downloaded_bytes)s/%(progress.total_bytes)s][%(progress._percent_str)s][%(progress.speed)s][%(progress.eta)s]
[%d][%(info.playlist_index)s][%(info.id)s][%(info.title).50s]prog:[%(progress.downloaded_bytes)s/%(progress.total_bytes)s][%(progress._percent_str)s][%(progress.speed)s][%(progress.eta)s]
[%d][%(info.playlist_index)s][%(info.id)s][%(info.title).50s]prog:[%(progress.downloaded_bytes)s/%(progress.total_bytes)s][%(progress._percent_str)s][%(progress.speed)s][%(progress.eta)s]
[%d][%(info.playlist_index)s][%(info.id)s][%(info.title).50s]prog:[%(progress.downloaded_bytes)s/%(progress.total_bytes)s][%(progress._percent_str)s][%(progress.speed)s][%(progress.eta)s]
[%d][%(info.playlist_index)s][%(info.id)s][%(info.title).50s]prog:[%(progress.downloaded_bytes)s/%(progress.total_bytes)s][%(progress._percent_str)s][%(progress.speed)s][%(progress.eta)s]
[%d][%(info.playlist_index)s][%(info.id)s][%(info.title).50s]prog:[%(progress.downloaded_bytes)s/%(progress.total_bytes)s][%(progress._percent_str)s][%(progress.speed)s][%(progress.eta)s]
[%d][%(info.playlist_index)s][%(info.id)s][%(info.title).50s]prog:[%(progress.downloaded_bytes)s/%(progress.total_bytes)s][%(progress._percent_str)s][%(progress.speed)s][%(progress.eta)s]
[%d][%(info.playlist_index)s][%(info.id)s][%(info.title).50s]prog:[%(progress.downloaded_bytes)s/%(progress.total_bytes)s][%(progress._percent_str)s][%(progress.speed)s][%(progress.eta)s]
[%d][%(info.playlist_index)s][%(info.id)s][%(info.title).50s]prog:[%(progress.downloaded_bytes)s/%(progress.total_bytes)s][%(progress._percent_str)s][%(progress.speed)s][%(progress.eta)s]
[%d][%(info.playlist_index)s][%(info.id)s][%(info.title).50s]prog:[%(progress.downloaded_bytes)s/%(progress.total_bytes)s][%(progress._percent_str)s][%(progress.speed)s][%(progress.eta)s]
[%d][%(info.playlist_index)s][%(info.id)s][%(info.title).50s]prog:[%(progress.downloaded_bytes)s/%(progress.total_bytes)s][%(progress._percent_str)s][%(progress.speed)s][%(progress.eta)s]
[%d][%(info.playlist_index)s][%(info.id)s][%(info.title).50s]prog:[%(progress.downloaded_bytes)s/%(progress.total_bytes)s][%(progress._percent_str)s][%(progress.speed)s][%(progress.eta)s]
[%d][%(info.playlist_index)s][%(info.id)s][%(info.title).50s]prog:[%(progress.downloaded_bytes)s/%(progress.total_bytes)s][%(progress._percent_str)s][%(progress.speed)s][%(progress.eta)s]
[download] Destination: Java for the Haters in 100 Seconds [m4-HM_sCvtQ].f251.webm
[%d][%(info.playlist_index)s][%(info.id)s][%(info.title).50s]prog:[%(progress.downloaded_bytes)s/%(progress.total_bytes)s][%(progress._percent_str)s][%(progress.speed)s][%(progress.eta)s]
[%d][%(info.playlist_index)s][%(info.id)s][%(info.title).50s]prog:[%(progress.downloaded_bytes)s/%(progress.total_bytes)s][%(progress._percent_str)s][%(progress.speed)s][%(progress.eta)s]
[%d][%(info.playlist_index)s][%(info.id)s][%(info.title).50s]prog:[%(progress.downloaded_bytes)s/%(progress.total_bytes)s][%(progress._percent_str)s][%(progress.speed)s][%(progress.eta)s]
[%d][%(info.playlist_index)s][%(info.id)s][%(info.title).50s]prog:[%(progress.downloaded_bytes)s/%(progress.total_bytes)s][%(progress._percent_str)s][%(progress.speed)s][%(progress.eta)s]
[%d][%(info.playlist_index)s][%(info.id)s][%(info.title).50s]prog:[%(progress.downloaded_bytes)s/%(progress.total_bytes)s][%(progress._percent_str)s][%(progress.speed)s][%(progress.eta)s]
[%d][%(info.playlist_index)s][%(info.id)s][%(info.title).50s]prog:[%(progress.downloaded_bytes)s/%(progress.total_bytes)s][%(progress._percent_str)s][%(progress.speed)s][%(progress.eta)s]
[%d][%(info.playlist_index)s][%(info.id)s][%(info.title).50s]prog:[%(progress.downloaded_bytes)s/%(progress.total_bytes)s][%(progress._percent_str)s][%(progress.speed)s][%(progress.eta)s]
[%d][%(info.playlist_index)s][%(info.id)s][%(info.title).50s]prog:[%(progress.downloaded_bytes)s/%(progress.total_bytes)s][%(progress._percent_str)s][%(progress.speed)s][%(progress.eta)s]
[%d][%(info.playlist_index)s][%(info.id)s][%(info.title).50s]prog:[%(progress.downloaded_bytes)s/%(progress.total_bytes)s][%(progress._percent_str)s][%(progress.speed)s][%(progress.eta)s]
[%d][%(info.playlist_index)s][%(info.id)s][%(info.title).50s]prog:[%(progress.downloaded_bytes)s/%(progress.total_bytes)s][%(progress._percent_str)s][%(progress.speed)s][%(progress.eta)s]
[%d][%(info.playlist_index)s][%(info.id)s][%(info.title).50s]prog:[%(progress.downloaded_bytes)s/%(progress.total_bytes)s][%(progress._percent_str)s][%(progress.speed)s][%(progress.eta)s]
[%d][%(info.playlist_index)s][%(info.id)s][%(info.title).50s]prog:[%(progress.downloaded_bytes)s/%(progress.total_bytes)s][%(progress._percent_str)s][%(progress.speed)s][%(progress.eta)s]
[%d][%(info.playlist_index)s][%(info.id)s][%(info.title).50s]prog:[%(progress.downloaded_bytes)s/%(progress.total_bytes)s][%(progress._percent_str)s][%(progress.speed)s][%(progress.eta)s]
[Merger] Merging formats into "Java for the Haters in 100 Seconds [m4-HM_sCvtQ].webm"
Deleting original file Java for the Haters in 100 Seconds [m4-HM_sCvtQ].f251.webm (pass -k to keep)
Deleting original file Java for the Haters in 100 Seconds [m4-HM_sCvtQ].f401.mp4 (pass -k to keep)
[download] Finished downloading playlist: For the Haters
